#
# A fatal error has been detected by the Java Runtime Environment:
#
#  Internal Error (ad_x86.cpp:1314), pid=7424, tid=27500
#  Error: Unimplemented()
#
# JRE version: OpenJDK Runtime Environment Temurin-17.0.7+7 (17.0.7+7) (build 17.0.7+7)
# Java VM: OpenJDK 64-Bit Server VM Temurin-17.0.7+7 (17.0.7+7, mixed mode, tiered, compressed oops, compressed class ptrs, parallel gc, windows-amd64)
# No core dump will be written. Minidumps are not enabled by default on client versions of Windows
#
# If you would like to submit a bug report, please visit:
#   https://github.com/adoptium/adoptium-support/issues
#

---------------  S U M M A R Y ------------

Command Line: --add-modules=ALL-SYSTEM --add-opens=java.base/java.util=ALL-UNNAMED --add-opens=java.base/java.lang=ALL-UNNAMED --add-opens=java.base/sun.nio.fs=ALL-UNNAMED -Declipse.application=org.eclipse.jdt.ls.core.id1 -Dosgi.bundles.defaultStartLevel=4 -Declipse.product=org.eclipse.jdt.ls.core.product -Djava.import.generatesMetadataFilesAtProjectRoot=false -Dfile.encoding=utf8 -XX:+UseParallelGC -XX:GCTimeRatio=4 -XX:AdaptiveSizePolicyWeight=90 -Dsun.zip.disableMemoryMapping=true -Xmx1G -Xms100m -Xlog:disable -javaagent:c:\Users\kiit\.vscode\extensions\redhat.java-1.21.0-win32-x64\lombok\lombok-1.18.28.jar -XX:+HeapDumpOnOutOfMemoryError -XX:HeapDumpPath=c:\Users\kiit\AppData\Roaming\Code\User\workspaceStorage\f0f853a0287c68d1c4c96e52358870d1\redhat.java -Daether.dependencyCollector.impl=bf c:\Users\kiit\.vscode\extensions\redhat.java-1.21.0-win32-x64\server\plugins\org.eclipse.equinox.launcher_1.6.500.v20230717-2134.jar -configuration c:\Users\kiit\AppData\Roaming\Code\User\globalStorage\redhat.java\1.21.0\config_win -data c:\Users\kiit\AppData\Roaming\Code\User\workspaceStorage\f0f853a0287c68d1c4c96e52358870d1\redhat.java\jdt_ws

Host: 11th Gen Intel(R) Core(TM) i7-1165G7 @ 2.80GHz, 8 cores, 15G,  Windows 11 , 64 bit Build 22621 (10.0.22621.2070)
Time: Wed Aug 16 19:56:56 2023 India Standard Time elapsed time: 29.691955 seconds (0d 0h 0m 29s)

---------------  T H R E A D  ---------------

Current thread (0x000001ad385c4290):  JavaThread "C2 CompilerThread1" daemon [_thread_in_native, id=27500, stack(0x0000008c94600000,0x0000008c94700000)]


Current CompileTask:
C2:  29692 10055   !   4       org.eclipse.osgi.internal.loader.BundleLoader::findRequiredSource (283 bytes)

Stack: [0x0000008c94600000,0x0000008c94700000]
Native frames: (J=compiled Java code, j=interpreted, Vv=VM code, C=native code)
V  [jvm.dll+0x67754a]
V  [jvm.dll+0x834304]
V  [jvm.dll+0x835aae]
V  [jvm.dll+0x8360c7]
V  [jvm.dll+0x24689a]
V  [jvm.dll+0x246803]
V  [jvm.dll+0x5cefd]
V  [jvm.dll+0x13685]
V  [jvm.dll+0x67fa16]
V  [jvm.dll+0x67fda6]
V  [jvm.dll+0x67c9a3]
V  [jvm.dll+0x219a18]
V  [jvm.dll+0x218a61]
V  [jvm.dll+0x1a4d8d]
V  [jvm.dll+0x2284da]
V  [jvm.dll+0x226615]
V  [jvm.dll+0x7ea90b]
V  [jvm.dll+0x7e4e7a]
V  [jvm.dll+0x676395]
C  [ucrtbase.dll+0x29363]
C  [KERNEL32.DLL+0x126ad]
C  [ntdll.dll+0x5aa68]


---------------  P R O C E S S  ---------------

Threads class SMR info:
_java_thread_list=0x000001ad3b10c490, length=40, elements={
0x000001ad1e01ba90, 0x000001ad31e99950, 0x000001ad1e0d30a0, 0x000001ad1e0dd2e0,
0x000001ad1e0ddba0, 0x000001ad1e0de660, 0x000001ad3715a010, 0x000001ad3715f3c0,
0x000001ad37163cd0, 0x000001ad371651e0, 0x000001ad372a1e60, 0x000001ad3745f5a0,
0x000001ad3891a680, 0x000001ad38a697e0, 0x000001ad38a69cb0, 0x000001ad3889b630,
0x000001ad389f29e0, 0x000001ad380d2c00, 0x000001ad380d2730, 0x000001ad380d1d90,
0x000001ad380d18c0, 0x000001ad385c4290, 0x000001ad380d00b0, 0x000001ad380d0a50,
0x000001ad380d0f20, 0x000001ad380d2260, 0x000001ad3c00d180, 0x000001ad3c0097c0,
0x000001ad3c00d650, 0x000001ad3c007ae0, 0x000001ad3c00a160, 0x000001ad3c00e990,
0x000001ad3c00ab00, 0x000001ad3c007fb0, 0x000001ad3c00dff0, 0x000001ad3c008480,
0x000001ad3c00ee60, 0x000001ad3c008e20, 0x000001ad3c00c310, 0x000001ad46c27fa0
}

Java Threads: ( => current thread )
  0x000001ad1e01ba90 JavaThread "main" [_thread_blocked, id=23772, stack(0x0000008c92900000,0x0000008c92a00000)]
  0x000001ad31e99950 JavaThread "Reference Handler" daemon [_thread_blocked, id=12900, stack(0x0000008c92c00000,0x0000008c92d00000)]
  0x000001ad1e0d30a0 JavaThread "Finalizer" daemon [_thread_blocked, id=16836, stack(0x0000008c92d00000,0x0000008c92e00000)]
  0x000001ad1e0dd2e0 JavaThread "Signal Dispatcher" daemon [_thread_blocked, id=21824, stack(0x0000008c92e00000,0x0000008c92f00000)]
  0x000001ad1e0ddba0 JavaThread "Attach Listener" daemon [_thread_blocked, id=21872, stack(0x0000008c92f00000,0x0000008c93000000)]
  0x000001ad1e0de660 JavaThread "Service Thread" daemon [_thread_blocked, id=28324, stack(0x0000008c93000000,0x0000008c93100000)]
  0x000001ad3715a010 JavaThread "Monitor Deflation Thread" daemon [_thread_blocked, id=21888, stack(0x0000008c93100000,0x0000008c93200000)]
  0x000001ad3715f3c0 JavaThread "C2 CompilerThread0" daemon [_thread_in_native, id=28256, stack(0x0000008c93200000,0x0000008c93300000)]
  0x000001ad37163cd0 JavaThread "C1 CompilerThread0" daemon [_thread_blocked, id=10236, stack(0x0000008c93300000,0x0000008c93400000)]
  0x000001ad371651e0 JavaThread "Sweeper thread" daemon [_thread_blocked, id=25900, stack(0x0000008c93400000,0x0000008c93500000)]
  0x000001ad372a1e60 JavaThread "Common-Cleaner" daemon [_thread_blocked, id=27276, stack(0x0000008c93500000,0x0000008c93600000)]
  0x000001ad3745f5a0 JavaThread "Notification Thread" daemon [_thread_blocked, id=5360, stack(0x0000008c93700000,0x0000008c93800000)]
  0x000001ad3891a680 JavaThread "Active Thread: Equinox Container: 80c7a122-104a-4e6f-827d-bcefae2b2ee1" [_thread_blocked, id=20940, stack(0x0000008c94000000,0x0000008c94100000)]
  0x000001ad38a697e0 JavaThread "Framework Event Dispatcher: Equinox Container: 80c7a122-104a-4e6f-827d-bcefae2b2ee1" daemon [_thread_blocked, id=27804, stack(0x0000008c93600000,0x0000008c93700000)]
  0x000001ad38a69cb0 JavaThread "Start Level: Equinox Container: 80c7a122-104a-4e6f-827d-bcefae2b2ee1" daemon [_thread_blocked, id=11276, stack(0x0000008c93900000,0x0000008c93a00000)]
  0x000001ad3889b630 JavaThread "SCR Component Actor" daemon [_thread_blocked, id=16924, stack(0x0000008c94100000,0x0000008c94200000)]
  0x000001ad389f29e0 JavaThread "Bundle File Closer" daemon [_thread_blocked, id=9824, stack(0x0000008c94400000,0x0000008c94500000)]
  0x000001ad380d2c00 JavaThread "Worker-JM" [_thread_blocked, id=24752, stack(0x0000008c94500000,0x0000008c94600000)]
  0x000001ad380d2730 JavaThread "Worker-0" [_thread_blocked, id=28488, stack(0x0000008c94700000,0x0000008c94800000)]
  0x000001ad380d1d90 JavaThread "Worker-1" [_thread_blocked, id=19832, stack(0x0000008c94800000,0x0000008c94900000)]
  0x000001ad380d18c0 JavaThread "Worker-2" [_thread_blocked, id=24520, stack(0x0000008c94900000,0x0000008c94a00000)]
=>0x000001ad385c4290 JavaThread "C2 CompilerThread1" daemon [_thread_in_native, id=27500, stack(0x0000008c94600000,0x0000008c94700000)]
  0x000001ad380d00b0 JavaThread "Java indexing" daemon [_thread_blocked, id=10128, stack(0x0000008c94a00000,0x0000008c94b00000)]
  0x000001ad380d0a50 JavaThread "Worker-3" [_thread_blocked, id=22304, stack(0x0000008c94b00000,0x0000008c94c00000)]
  0x000001ad380d0f20 JavaThread "Worker-4" [_thread_blocked, id=23584, stack(0x0000008c94d00000,0x0000008c94e00000)]
  0x000001ad380d2260 JavaThread "JNA Cleaner" daemon [_thread_blocked, id=720, stack(0x0000008c94e00000,0x0000008c94f00000)]
  0x000001ad3c00d180 JavaThread "Worker-5" [_thread_blocked, id=28128, stack(0x0000008c94f00000,0x0000008c95000000)]
  0x000001ad3c0097c0 JavaThread "pool-2-thread-1" [_thread_blocked, id=25916, stack(0x0000008c95000000,0x0000008c95100000)]
  0x000001ad3c00d650 JavaThread "WorkspaceEventsHandler" [_thread_blocked, id=14876, stack(0x0000008c95100000,0x0000008c95200000)]
  0x000001ad3c007ae0 JavaThread "pool-1-thread-1" [_thread_in_native, id=7500, stack(0x0000008c95200000,0x0000008c95300000)]
  0x000001ad3c00a160 JavaThread "Worker-6" [_thread_blocked, id=16392, stack(0x0000008c95400000,0x0000008c95500000)]
  0x000001ad3c00e990 JavaThread "Worker-7" [_thread_blocked, id=27296, stack(0x0000008c95500000,0x0000008c95600000)]
  0x000001ad3c00ab00 JavaThread "ForkJoinPool.commonPool-worker-1" daemon [_thread_blocked, id=24132, stack(0x0000008c95600000,0x0000008c95700000)]
  0x000001ad3c007fb0 JavaThread "ForkJoinPool.commonPool-worker-2" daemon [_thread_blocked, id=18072, stack(0x0000008c95700000,0x0000008c95800000)]
  0x000001ad3c00dff0 JavaThread "ForkJoinPool.commonPool-worker-3" daemon [_thread_blocked, id=14172, stack(0x0000008c95800000,0x0000008c95900000)]
  0x000001ad3c008480 JavaThread "ForkJoinPool.commonPool-worker-4" daemon [_thread_blocked, id=21380, stack(0x0000008c95900000,0x0000008c95a00000)]
  0x000001ad3c00ee60 JavaThread "ForkJoinPool.commonPool-worker-5" daemon [_thread_blocked, id=23248, stack(0x0000008c95a00000,0x0000008c95b00000)]
  0x000001ad3c008e20 JavaThread "ForkJoinPool.commonPool-worker-6" daemon [_thread_blocked, id=13880, stack(0x0000008c95b00000,0x0000008c95c00000)]
  0x000001ad3c00c310 JavaThread "ForkJoinPool.commonPool-worker-7" daemon [_thread_blocked, id=18940, stack(0x0000008c95c00000,0x0000008c95d00000)]
  0x000001ad46c27fa0 JavaThread "C2 CompilerThread2" daemon [_thread_in_native, id=20456, stack(0x0000008c94c00000,0x0000008c94d00000)]

Other Threads:
  0x000001ad1e0a59d0 VMThread "VM Thread" [stack: 0x0000008c92b00000,0x0000008c92c00000] [id=23520]
  0x000001ad380e8af0 WatcherThread [stack: 0x0000008c93800000,0x0000008c93900000] [id=24952]
  0x000001ad1e030f30 GCTaskThread "GC Thread#0" [stack: 0x0000008c92a00000,0x0000008c92b00000] [id=22536]
  0x000001ad38706350 GCTaskThread "GC Thread#1" [stack: 0x0000008c93a00000,0x0000008c93b00000] [id=11236]
  0x000001ad38706600 GCTaskThread "GC Thread#2" [stack: 0x0000008c93b00000,0x0000008c93c00000] [id=18948]
  0x000001ad384b9980 GCTaskThread "GC Thread#3" [stack: 0x0000008c93c00000,0x0000008c93d00000] [id=6180]
  0x000001ad384b9c30 GCTaskThread "GC Thread#4" [stack: 0x0000008c93d00000,0x0000008c93e00000] [id=17612]
  0x000001ad381c6d50 GCTaskThread "GC Thread#5" [stack: 0x0000008c93e00000,0x0000008c93f00000] [id=16396]
  0x000001ad381c7210 GCTaskThread "GC Thread#6" [stack: 0x0000008c93f00000,0x0000008c94000000] [id=22408]
  0x000001ad373c0630 GCTaskThread "GC Thread#7" [stack: 0x0000008c94200000,0x0000008c94300000] [id=3436]

Threads with active compile tasks:
C2 CompilerThread0    29713 10122 %     4       org.eclipse.jdt.internal.compiler.parser.diagnose.DiagnoseParser::scopeTrialCheck @ 197 (779 bytes)
C2 CompilerThread1    29713 10055   !   4       org.eclipse.osgi.internal.loader.BundleLoader::findRequiredSource (283 bytes)
C2 CompilerThread2    29713 10101       4       org.eclipse.core.internal.resources.AliasManager$LocationMap$$Lambda$122/0x0000000100247a68::compare (14 bytes)

VM state: not at safepoint (normal execution)

VM Mutex/Monitor currently owned by a thread: None

Heap address: 0x00000000c0000000, size: 1024 MB, Compressed Oops mode: 32-bit

CDS archive(s) not mapped
Compressed class space mapped at: 0x0000000100000000-0x0000000140000000, reserved size: 1073741824
Narrow klass base: 0x0000000000000000, Narrow klass shift: 3, Narrow klass range: 0x140000000

GC Precious Log:
 CPUs: 8 total, 8 available
 Memory: 15931M
 Large Page Support: Disabled
 NUMA Support: Disabled
 Compressed Oops: Enabled (32-bit)
 Alignments: Space 512K, Generation 512K, Heap 2M
 Heap Min Capacity: 100M
 Heap Initial Capacity: 100M
 Heap Max Capacity: 1G
 Pre-touch: Disabled
 Parallel Workers: 8

Heap:
 PSYoungGen      total 87552K, used 73110K [0x00000000eab00000, 0x00000000f1080000, 0x0000000100000000)
  eden space 75264K, 80% used [0x00000000eab00000,0x00000000ee67d058,0x00000000ef480000)
  from space 12288K, 99% used [0x00000000f0480000,0x00000000f1068880,0x00000000f1080000)
  to   space 13824K, 0% used [0x00000000ef580000,0x00000000ef580000,0x00000000f0300000)
 ParOldGen       total 64000K, used 56700K [0x00000000c0000000, 0x00000000c3e80000, 0x00000000eab00000)
  object space 64000K, 88% used [0x00000000c0000000,0x00000000c375f160,0x00000000c3e80000)
 Metaspace       used 70606K, committed 71616K, reserved 1114112K
  class space    used 7492K, committed 7936K, reserved 1048576K

Card table byte_map: [0x000001ad1d9f0000,0x000001ad1dc00000] _byte_map_base: 0x000001ad1d3f0000

Marking Bits: (ParMarkBitMap*) 0x00007ffd517f52c0
 Begin Bits: [0x000001ad2fca0000, 0x000001ad30ca0000)
 End Bits:   [0x000001ad30ca0000, 0x000001ad31ca0000)

Polling page: 0x000001ad1d7e0000

Metaspace:

Usage:
  Non-class:     61.63 MB used.
      Class:      7.32 MB used.
       Both:     68.95 MB used.

Virtual space:
  Non-class space:       64.00 MB reserved,      62.19 MB ( 97%) committed,  1 nodes.
      Class space:        1.00 GB reserved,       7.75 MB ( <1%) committed,  1 nodes.
             Both:        1.06 GB reserved,      69.94 MB (  6%) committed. 

Chunk freelists:
   Non-Class:  1.56 MB
       Class:  8.08 MB
        Both:  9.64 MB

MaxMetaspaceSize: unlimited
CompressedClassSpaceSize: 1.00 GB
Initial GC threshold: 21.00 MB
Current GC threshold: 97.12 MB
CDS: off
MetaspaceReclaimPolicy: balanced
 - commit_granule_bytes: 65536.
 - commit_granule_words: 8192.
 - virtual_space_node_default_size: 8388608.
 - enlarge_chunks_in_place: 1.
 - new_chunks_are_fully_committed: 0.
 - uncommit_free_chunks: 1.
 - use_allocation_guard: 0.
 - handle_deallocations: 1.


Internal statistics:

num_allocs_failed_limit: 6.
num_arena_births: 550.
num_arena_deaths: 16.
num_vsnodes_births: 2.
num_vsnodes_deaths: 0.
num_space_committed: 1119.
num_space_uncommitted: 0.
num_chunks_returned_to_freelist: 23.
num_chunks_taken_from_freelist: 3347.
num_chunk_merges: 10.
num_chunk_splits: 2007.
num_chunks_enlarged: 1047.
num_inconsistent_stats: 0.

CodeHeap 'non-profiled nmethods': size=120000Kb used=4988Kb max_used=4988Kb free=115011Kb
 bounds [0x000001ad28770000, 0x000001ad28c50000, 0x000001ad2fca0000]
CodeHeap 'profiled nmethods': size=120000Kb used=17773Kb max_used=17773Kb free=102226Kb
 bounds [0x000001ad20ca0000, 0x000001ad21e00000, 0x000001ad281d0000]
CodeHeap 'non-nmethods': size=5760Kb used=1414Kb max_used=1503Kb free=4345Kb
 bounds [0x000001ad281d0000, 0x000001ad28440000, 0x000001ad28770000]
 total_blobs=9189 nmethods=8451 adapters=647
 compilation: enabled
              stopped_count=0, restarted_count=0
 full_count=0

Compilation events (20 events):
Event: 29.534 Thread 0x000001ad37163cd0 10163       2       org.eclipse.jdt.core.dom.ASTConverter::convert (869 bytes)
Event: 29.536 Thread 0x000001ad37163cd0 nmethod 10163 0x000001ad21df6290 code [0x000001ad21df6a80, 0x000001ad21df91e8]
Event: 29.536 Thread 0x000001ad37163cd0 10165  s    2       org.eclipse.jdt.core.dom.ASTNode$NodeList::updateCursors (49 bytes)
Event: 29.537 Thread 0x000001ad37163cd0 nmethod 10165 0x000001ad21df9f90 code [0x000001ad21dfa160, 0x000001ad21dfa4c8]
Event: 29.537 Thread 0x000001ad37163cd0 10166       2       java.util.AbstractList::add (11 bytes)
Event: 29.537 Thread 0x000001ad37163cd0 nmethod 10166 0x000001ad21dfa690 code [0x000001ad21dfa840, 0x000001ad21dfa9b8]
Event: 29.537 Thread 0x000001ad37163cd0 10158       2       org.eclipse.jdt.internal.compiler.lookup.ReferenceBinding::storeAnnotations (93 bytes)
Event: 29.537 Thread 0x000001ad37163cd0 nmethod 10158 0x000001ad21dfaa90 code [0x000001ad21dfaca0, 0x000001ad21dfb058]
Event: 29.537 Thread 0x000001ad37163cd0 10168       1       org.eclipse.jdt.ls.core.internal.semantictokens.SemanticTokensVisitor$SemanticToken::getTokenType (5 bytes)
Event: 29.537 Thread 0x000001ad37163cd0 nmethod 10168 0x000001ad28c3da90 code [0x000001ad28c3dc20, 0x000001ad28c3dcf8]
Event: 29.537 Thread 0x000001ad37163cd0 10169       1       org.eclipse.jdt.ls.core.internal.semantictokens.SemanticTokensVisitor$SemanticToken::getTokenModifiers (5 bytes)
Event: 29.537 Thread 0x000001ad37163cd0 nmethod 10169 0x000001ad28c3dd90 code [0x000001ad28c3df20, 0x000001ad28c3dff8]
Event: 29.537 Thread 0x000001ad37163cd0 10170       1       org.eclipse.jdt.ls.core.internal.semantictokens.SemanticTokensVisitor$SemanticToken::getLength (5 bytes)
Event: 29.537 Thread 0x000001ad37163cd0 nmethod 10170 0x000001ad28c3e090 code [0x000001ad28c3e220, 0x000001ad28c3e2f8]
Event: 29.537 Thread 0x000001ad37163cd0 10167       1       org.eclipse.jdt.core.dom.ASTNode::getLocationInParent (5 bytes)
Event: 29.538 Thread 0x000001ad37163cd0 nmethod 10167 0x000001ad28c3e390 code [0x000001ad28c3e520, 0x000001ad28c3e5f8]
Event: 29.538 Thread 0x000001ad37163cd0 10160       1       org.eclipse.jdt.core.dom.PrimitiveType::getNodeType0 (3 bytes)
Event: 29.538 Thread 0x000001ad37163cd0 nmethod 10160 0x000001ad28c3e690 code [0x000001ad28c3e820, 0x000001ad28c3e8f8]
Event: 29.668 Thread 0x000001ad37163cd0 10171       2       java.util.concurrent.ForkJoinTask::<init> (5 bytes)
Event: 29.668 Thread 0x000001ad37163cd0 nmethod 10171 0x000001ad21dfb290 code [0x000001ad21dfb420, 0x000001ad21dfb518]

GC Heap History (20 events):
Event: 21.513 GC heap before
{Heap before GC invocations=53 (full 4):
 PSYoungGen      total 74240K, used 74233K [0x00000000eab00000, 0x00000000f0500000, 0x0000000100000000)
  eden space 67072K, 100% used [0x00000000eab00000,0x00000000eec80000,0x00000000eec80000)
  from space 7168K, 99% used [0x00000000eec80000,0x00000000ef37e728,0x00000000ef380000)
  to   space 11776K, 0% used [0x00000000ef980000,0x00000000ef980000,0x00000000f0500000)
 ParOldGen       total 64000K, used 31229K [0x00000000c0000000, 0x00000000c3e80000, 0x00000000eab00000)
  object space 64000K, 48% used [0x00000000c0000000,0x00000000c1e7f7e8,0x00000000c3e80000)
 Metaspace       used 54829K, committed 55680K, reserved 1114112K
  class space    used 6029K, committed 6400K, reserved 1048576K
}
Event: 21.529 GC heap after
{Heap after GC invocations=53 (full 4):
 PSYoungGen      total 78848K, used 11753K [0x00000000eab00000, 0x00000000f0880000, 0x0000000100000000)
  eden space 67072K, 0% used [0x00000000eab00000,0x00000000eab00000,0x00000000eec80000)
  from space 11776K, 99% used [0x00000000ef980000,0x00000000f04fa680,0x00000000f0500000)
  to   space 13312K, 0% used [0x00000000eec80000,0x00000000eec80000,0x00000000ef980000)
 ParOldGen       total 64000K, used 32131K [0x00000000c0000000, 0x00000000c3e80000, 0x00000000eab00000)
  object space 64000K, 50% used [0x00000000c0000000,0x00000000c1f60f70,0x00000000c3e80000)
 Metaspace       used 54829K, committed 55680K, reserved 1114112K
  class space    used 6029K, committed 6400K, reserved 1048576K
}
Event: 22.409 GC heap before
{Heap before GC invocations=54 (full 4):
 PSYoungGen      total 78848K, used 78825K [0x00000000eab00000, 0x00000000f0880000, 0x0000000100000000)
  eden space 67072K, 100% used [0x00000000eab00000,0x00000000eec80000,0x00000000eec80000)
  from space 11776K, 99% used [0x00000000ef980000,0x00000000f04fa680,0x00000000f0500000)
  to   space 13312K, 0% used [0x00000000eec80000,0x00000000eec80000,0x00000000ef980000)
 ParOldGen       total 64000K, used 32131K [0x00000000c0000000, 0x00000000c3e80000, 0x00000000eab00000)
  object space 64000K, 50% used [0x00000000c0000000,0x00000000c1f60f70,0x00000000c3e80000)
 Metaspace       used 58047K, committed 58944K, reserved 1114112K
  class space    used 6371K, committed 6720K, reserved 1048576K
}
Event: 22.425 GC heap after
{Heap after GC invocations=54 (full 4):
 PSYoungGen      total 80384K, used 13307K [0x00000000eab00000, 0x00000000f0d00000, 0x0000000100000000)
  eden space 67072K, 0% used [0x00000000eab00000,0x00000000eab00000,0x00000000eec80000)
  from space 13312K, 99% used [0x00000000eec80000,0x00000000ef97ed80,0x00000000ef980000)
  to   space 15872K, 0% used [0x00000000efd80000,0x00000000efd80000,0x00000000f0d00000)
 ParOldGen       total 64000K, used 34081K [0x00000000c0000000, 0x00000000c3e80000, 0x00000000eab00000)
  object space 64000K, 53% used [0x00000000c0000000,0x00000000c2148410,0x00000000c3e80000)
 Metaspace       used 58047K, committed 58944K, reserved 1114112K
  class space    used 6371K, committed 6720K, reserved 1048576K
}
Event: 22.632 GC heap before
{Heap before GC invocations=55 (full 4):
 PSYoungGen      total 80384K, used 47195K [0x00000000eab00000, 0x00000000f0d00000, 0x0000000100000000)
  eden space 67072K, 50% used [0x00000000eab00000,0x00000000ecc180b0,0x00000000eec80000)
  from space 13312K, 99% used [0x00000000eec80000,0x00000000ef97ed80,0x00000000ef980000)
  to   space 15872K, 0% used [0x00000000efd80000,0x00000000efd80000,0x00000000f0d00000)
 ParOldGen       total 64000K, used 34081K [0x00000000c0000000, 0x00000000c3e80000, 0x00000000eab00000)
  object space 64000K, 53% used [0x00000000c0000000,0x00000000c2148410,0x00000000c3e80000)
 Metaspace       used 58805K, committed 59648K, reserved 1114112K
  class space    used 6460K, committed 6784K, reserved 1048576K
}
Event: 22.647 GC heap after
{Heap after GC invocations=55 (full 4):
 PSYoungGen      total 81408K, used 12737K [0x00000000eab00000, 0x00000000f0a00000, 0x0000000100000000)
  eden space 68608K, 0% used [0x00000000eab00000,0x00000000eab00000,0x00000000eee00000)
  from space 12800K, 99% used [0x00000000efd80000,0x00000000f09f0620,0x00000000f0a00000)
  to   space 13824K, 0% used [0x00000000eef00000,0x00000000eef00000,0x00000000efc80000)
 ParOldGen       total 64000K, used 36390K [0x00000000c0000000, 0x00000000c3e80000, 0x00000000eab00000)
  object space 64000K, 56% used [0x00000000c0000000,0x00000000c2389aa8,0x00000000c3e80000)
 Metaspace       used 58805K, committed 59648K, reserved 1114112K
  class space    used 6460K, committed 6784K, reserved 1048576K
}
Event: 22.647 GC heap before
{Heap before GC invocations=56 (full 5):
 PSYoungGen      total 81408K, used 12737K [0x00000000eab00000, 0x00000000f0a00000, 0x0000000100000000)
  eden space 68608K, 0% used [0x00000000eab00000,0x00000000eab00000,0x00000000eee00000)
  from space 12800K, 99% used [0x00000000efd80000,0x00000000f09f0620,0x00000000f0a00000)
  to   space 13824K, 0% used [0x00000000eef00000,0x00000000eef00000,0x00000000efc80000)
 ParOldGen       total 64000K, used 36390K [0x00000000c0000000, 0x00000000c3e80000, 0x00000000eab00000)
  object space 64000K, 56% used [0x00000000c0000000,0x00000000c2389aa8,0x00000000c3e80000)
 Metaspace       used 58805K, committed 59648K, reserved 1114112K
  class space    used 6460K, committed 6784K, reserved 1048576K
}
Event: 22.798 GC heap after
{Heap after GC invocations=56 (full 5):
 PSYoungGen      total 81408K, used 0K [0x00000000eab00000, 0x00000000f0a00000, 0x0000000100000000)
  eden space 68608K, 0% used [0x00000000eab00000,0x00000000eab00000,0x00000000eee00000)
  from space 12800K, 0% used [0x00000000efd80000,0x00000000efd80000,0x00000000f0a00000)
  to   space 13824K, 0% used [0x00000000eef00000,0x00000000eef00000,0x00000000efc80000)
 ParOldGen       total 64000K, used 44818K [0x00000000c0000000, 0x00000000c3e80000, 0x00000000eab00000)
  object space 64000K, 70% used [0x00000000c0000000,0x00000000c2bc4b10,0x00000000c3e80000)
 Metaspace       used 58803K, committed 59648K, reserved 1114112K
  class space    used 6459K, committed 6784K, reserved 1048576K
}
Event: 24.175 GC heap before
{Heap before GC invocations=57 (full 5):
 PSYoungGen      total 81408K, used 68608K [0x00000000eab00000, 0x00000000f0a00000, 0x0000000100000000)
  eden space 68608K, 100% used [0x00000000eab00000,0x00000000eee00000,0x00000000eee00000)
  from space 12800K, 0% used [0x00000000efd80000,0x00000000efd80000,0x00000000f0a00000)
  to   space 13824K, 0% used [0x00000000eef00000,0x00000000eef00000,0x00000000efc80000)
 ParOldGen       total 64000K, used 44818K [0x00000000c0000000, 0x00000000c3e80000, 0x00000000eab00000)
  object space 64000K, 70% used [0x00000000c0000000,0x00000000c2bc4b10,0x00000000c3e80000)
 Metaspace       used 64334K, committed 65280K, reserved 1114112K
  class space    used 6985K, committed 7424K, reserved 1048576K
}
Event: 24.180 GC heap after
{Heap after GC invocations=57 (full 5):
 PSYoungGen      total 72704K, used 2985K [0x00000000eab00000, 0x00000000efe00000, 0x0000000100000000)
  eden space 69632K, 0% used [0x00000000eab00000,0x00000000eab00000,0x00000000eef00000)
  from space 3072K, 97% used [0x00000000eef00000,0x00000000ef1ea408,0x00000000ef200000)
  to   space 7168K, 0% used [0x00000000ef700000,0x00000000ef700000,0x00000000efe00000)
 ParOldGen       total 64000K, used 44826K [0x00000000c0000000, 0x00000000c3e80000, 0x00000000eab00000)
  object space 64000K, 70% used [0x00000000c0000000,0x00000000c2bc6b10,0x00000000c3e80000)
 Metaspace       used 64334K, committed 65280K, reserved 1114112K
  class space    used 6985K, committed 7424K, reserved 1048576K
}
Event: 26.005 GC heap before
{Heap before GC invocations=58 (full 5):
 PSYoungGen      total 72704K, used 72617K [0x00000000eab00000, 0x00000000efe00000, 0x0000000100000000)
  eden space 69632K, 100% used [0x00000000eab00000,0x00000000eef00000,0x00000000eef00000)
  from space 3072K, 97% used [0x00000000eef00000,0x00000000ef1ea408,0x00000000ef200000)
  to   space 7168K, 0% used [0x00000000ef700000,0x00000000ef700000,0x00000000efe00000)
 ParOldGen       total 64000K, used 44826K [0x00000000c0000000, 0x00000000c3e80000, 0x00000000eab00000)
  object space 64000K, 70% used [0x00000000c0000000,0x00000000c2bc6b10,0x00000000c3e80000)
 Metaspace       used 65757K, committed 66880K, reserved 1114112K
  class space    used 7082K, committed 7552K, reserved 1048576K
}
Event: 26.011 GC heap after
{Heap after GC invocations=58 (full 5):
 PSYoungGen      total 77824K, used 5722K [0x00000000eab00000, 0x00000000efd80000, 0x0000000100000000)
  eden space 71168K, 0% used [0x00000000eab00000,0x00000000eab00000,0x00000000ef080000)
  from space 6656K, 85% used [0x00000000ef700000,0x00000000efc96af8,0x00000000efd80000)
  to   space 6656K, 0% used [0x00000000ef080000,0x00000000ef080000,0x00000000ef700000)
 ParOldGen       total 64000K, used 44834K [0x00000000c0000000, 0x00000000c3e80000, 0x00000000eab00000)
  object space 64000K, 70% used [0x00000000c0000000,0x00000000c2bc8b10,0x00000000c3e80000)
 Metaspace       used 65757K, committed 66880K, reserved 1114112K
  class space    used 7082K, committed 7552K, reserved 1048576K
}
Event: 27.057 GC heap before
{Heap before GC invocations=59 (full 5):
 PSYoungGen      total 77824K, used 76890K [0x00000000eab00000, 0x00000000efd80000, 0x0000000100000000)
  eden space 71168K, 100% used [0x00000000eab00000,0x00000000ef080000,0x00000000ef080000)
  from space 6656K, 85% used [0x00000000ef700000,0x00000000efc96af8,0x00000000efd80000)
  to   space 6656K, 0% used [0x00000000ef080000,0x00000000ef080000,0x00000000ef700000)
 ParOldGen       total 64000K, used 44834K [0x00000000c0000000, 0x00000000c3e80000, 0x00000000eab00000)
  object space 64000K, 70% used [0x00000000c0000000,0x00000000c2bc8b10,0x00000000c3e80000)
 Metaspace       used 68018K, committed 69056K, reserved 1114112K
  class space    used 7319K, committed 7744K, reserved 1048576K
}
Event: 27.072 GC heap after
{Heap after GC invocations=59 (full 5):
 PSYoungGen      total 77824K, used 6644K [0x00000000eab00000, 0x00000000f1100000, 0x0000000100000000)
  eden space 71168K, 0% used [0x00000000eab00000,0x00000000eab00000,0x00000000ef080000)
  from space 6656K, 99% used [0x00000000ef080000,0x00000000ef6fd358,0x00000000ef700000)
  to   space 15872K, 0% used [0x00000000f0180000,0x00000000f0180000,0x00000000f1100000)
 ParOldGen       total 64000K, used 52237K [0x00000000c0000000, 0x00000000c3e80000, 0x00000000eab00000)
  object space 64000K, 81% used [0x00000000c0000000,0x00000000c3303738,0x00000000c3e80000)
 Metaspace       used 68018K, committed 69056K, reserved 1114112K
  class space    used 7319K, committed 7744K, reserved 1048576K
}
Event: 27.867 GC heap before
{Heap before GC invocations=60 (full 5):
 PSYoungGen      total 77824K, used 77812K [0x00000000eab00000, 0x00000000f1100000, 0x0000000100000000)
  eden space 71168K, 100% used [0x00000000eab00000,0x00000000ef080000,0x00000000ef080000)
  from space 6656K, 99% used [0x00000000ef080000,0x00000000ef6fd358,0x00000000ef700000)
  to   space 15872K, 0% used [0x00000000f0180000,0x00000000f0180000,0x00000000f1100000)
 ParOldGen       total 64000K, used 52237K [0x00000000c0000000, 0x00000000c3e80000, 0x00000000eab00000)
  object space 64000K, 81% used [0x00000000c0000000,0x00000000c3303738,0x00000000c3e80000)
 Metaspace       used 68582K, committed 69632K, reserved 1114112K
  class space    used 7363K, committed 7808K, reserved 1048576K
}
Event: 27.882 GC heap after
{Heap after GC invocations=60 (full 5):
 PSYoungGen      total 83456K, used 10475K [0x00000000eab00000, 0x00000000f0c00000, 0x0000000100000000)
  eden space 72704K, 0% used [0x00000000eab00000,0x00000000eab00000,0x00000000ef200000)
  from space 10752K, 97% used [0x00000000f0180000,0x00000000f0bbade0,0x00000000f0c00000)
  to   space 11776K, 0% used [0x00000000ef500000,0x00000000ef500000,0x00000000f0080000)
 ParOldGen       total 64000K, used 52245K [0x00000000c0000000, 0x00000000c3e80000, 0x00000000eab00000)
  object space 64000K, 81% used [0x00000000c0000000,0x00000000c3305738,0x00000000c3e80000)
 Metaspace       used 68582K, committed 69632K, reserved 1114112K
  class space    used 7363K, committed 7808K, reserved 1048576K
}
Event: 28.348 GC heap before
{Heap before GC invocations=61 (full 5):
 PSYoungGen      total 83456K, used 83179K [0x00000000eab00000, 0x00000000f0c00000, 0x0000000100000000)
  eden space 72704K, 100% used [0x00000000eab00000,0x00000000ef200000,0x00000000ef200000)
  from space 10752K, 97% used [0x00000000f0180000,0x00000000f0bbade0,0x00000000f0c00000)
  to   space 11776K, 0% used [0x00000000ef500000,0x00000000ef500000,0x00000000f0080000)
 ParOldGen       total 64000K, used 52245K [0x00000000c0000000, 0x00000000c3e80000, 0x00000000eab00000)
  object space 64000K, 81% used [0x00000000c0000000,0x00000000c3305738,0x00000000c3e80000)
 Metaspace       used 69685K, committed 70784K, reserved 1114112K
  class space    used 7427K, committed 7872K, reserved 1048576K
}
Event: 28.357 GC heap after
{Heap after GC invocations=61 (full 5):
 PSYoungGen      total 86016K, used 11772K [0x00000000eab00000, 0x00000000f1580000, 0x0000000100000000)
  eden space 74240K, 0% used [0x00000000eab00000,0x00000000eab00000,0x00000000ef380000)
  from space 11776K, 99% used [0x00000000ef500000,0x00000000f007f100,0x00000000f0080000)
  to   space 17408K, 0% used [0x00000000f0480000,0x00000000f0480000,0x00000000f1580000)
 ParOldGen       total 64000K, used 56692K [0x00000000c0000000, 0x00000000c3e80000, 0x00000000eab00000)
  object space 64000K, 88% used [0x00000000c0000000,0x00000000c375d160,0x00000000c3e80000)
 Metaspace       used 69685K, committed 70784K, reserved 1114112K
  class space    used 7427K, committed 7872K, reserved 1048576K
}
Event: 29.022 GC heap before
{Heap before GC invocations=62 (full 5):
 PSYoungGen      total 86016K, used 86012K [0x00000000eab00000, 0x00000000f1580000, 0x0000000100000000)
  eden space 74240K, 100% used [0x00000000eab00000,0x00000000ef380000,0x00000000ef380000)
  from space 11776K, 99% used [0x00000000ef500000,0x00000000f007f100,0x00000000f0080000)
  to   space 17408K, 0% used [0x00000000f0480000,0x00000000f0480000,0x00000000f1580000)
 ParOldGen       total 64000K, used 56692K [0x00000000c0000000, 0x00000000c3e80000, 0x00000000eab00000)
  object space 64000K, 88% used [0x00000000c0000000,0x00000000c375d160,0x00000000c3e80000)
 Metaspace       used 70318K, committed 71360K, reserved 1114112K
  class space    used 7483K, committed 7936K, reserved 1048576K
}
Event: 29.029 GC heap after
{Heap after GC invocations=62 (full 5):
 PSYoungGen      total 87552K, used 12194K [0x00000000eab00000, 0x00000000f1080000, 0x0000000100000000)
  eden space 75264K, 0% used [0x00000000eab00000,0x00000000eab00000,0x00000000ef480000)
  from space 12288K, 99% used [0x00000000f0480000,0x00000000f1068880,0x00000000f1080000)
  to   space 13824K, 0% used [0x00000000ef580000,0x00000000ef580000,0x00000000f0300000)
 ParOldGen       total 64000K, used 56700K [0x00000000c0000000, 0x00000000c3e80000, 0x00000000eab00000)
  object space 64000K, 88% used [0x00000000c0000000,0x00000000c375f160,0x00000000c3e80000)
 Metaspace       used 70318K, committed 71360K, reserved 1114112K
  class space    used 7483K, committed 7936K, reserved 1048576K
}

Dll operation events (11 events):
Event: 0.043 Loaded shared library c:\Users\kiit\.vscode\extensions\redhat.java-1.21.0-win32-x64\jre\17.0.7-win32-x86_64\bin\java.dll
Event: 0.166 Loaded shared library c:\Users\kiit\.vscode\extensions\redhat.java-1.21.0-win32-x64\jre\17.0.7-win32-x86_64\bin\zip.dll
Event: 0.168 Loaded shared library C:\Users\kiit\.vscode\extensions\redhat.java-1.21.0-win32-x64\jre\17.0.7-win32-x86_64\bin\instrument.dll
Event: 0.216 Loaded shared library C:\Users\kiit\.vscode\extensions\redhat.java-1.21.0-win32-x64\jre\17.0.7-win32-x86_64\bin\net.dll
Event: 0.249 Loaded shared library C:\Users\kiit\.vscode\extensions\redhat.java-1.21.0-win32-x64\jre\17.0.7-win32-x86_64\bin\nio.dll
Event: 0.253 Loaded shared library C:\Users\kiit\.vscode\extensions\redhat.java-1.21.0-win32-x64\jre\17.0.7-win32-x86_64\bin\zip.dll
Event: 0.262 Loaded shared library C:\Users\kiit\.vscode\extensions\redhat.java-1.21.0-win32-x64\jre\17.0.7-win32-x86_64\bin\jimage.dll
Event: 0.344 Loaded shared library c:\Users\kiit\.vscode\extensions\redhat.java-1.21.0-win32-x64\jre\17.0.7-win32-x86_64\bin\verify.dll
Event: 8.951 Loaded shared library C:\Users\kiit\AppData\Roaming\Code\User\globalStorage\redhat.java\1.21.0\config_win\org.eclipse.equinox.launcher\org.eclipse.equinox.launcher.win32.win32.x86_64_1.2.700.v20221108-1024\eclipse_11801.dll
Event: 18.368 Loaded shared library C:\Users\kiit\AppData\Local\Temp\jna-3291913\jna10638907904059782132.dll
Event: 21.251 Loaded shared library C:\Users\kiit\.vscode\extensions\redhat.java-1.21.0-win32-x64\jre\17.0.7-win32-x86_64\bin\sunmscapi.dll

Deoptimization events (20 events):
Event: 28.820 Thread 0x000001ad3c00a160 Uncommon trap: trap_request=0xffffff45 fr.pc=0x000001ad288aa3b0 relative=0x00000000000005f0
Event: 28.820 Thread 0x000001ad3c00a160 Uncommon trap: reason=unstable_if action=reinterpret pc=0x000001ad288aa3b0 method=org.eclipse.jdt.core.compiler.CharOperation.pathMatch([C[CZC)Z @ 163 c2
Event: 28.820 Thread 0x000001ad3c00a160 DEOPT PACKING pc=0x000001ad288aa3b0 sp=0x0000008c954fe7d0
Event: 28.820 Thread 0x000001ad3c00a160 DEOPT UNPACKING pc=0x000001ad28229ea3 sp=0x0000008c954fe758 mode 2
Event: 28.871 Thread 0x000001ad3c00a160 Uncommon trap: trap_request=0xffffff45 fr.pc=0x000001ad28836ca4 relative=0x00000000000000a4
Event: 28.871 Thread 0x000001ad3c00a160 Uncommon trap: reason=unstable_if action=reinterpret pc=0x000001ad28836ca4 method=org.eclipse.core.internal.jobs.InternalJob.getState()I @ 10 c2
Event: 28.871 Thread 0x000001ad3c00a160 DEOPT PACKING pc=0x000001ad28836ca4 sp=0x0000008c954fec00
Event: 28.871 Thread 0x000001ad3c00a160 DEOPT UNPACKING pc=0x000001ad28229ea3 sp=0x0000008c954feb90 mode 2
Event: 28.928 Thread 0x000001ad380d0a50 Uncommon trap: trap_request=0xffffffcc fr.pc=0x000001ad2894beb8 relative=0x0000000000000118
Event: 28.928 Thread 0x000001ad380d0a50 Uncommon trap: reason=intrinsic_or_type_checked_inlining action=make_not_entrant pc=0x000001ad2894beb8 method=java.util.ArrayList.toArray([Ljava/lang/Object;)[Ljava/lang/Object; @ 36 c2
Event: 28.928 Thread 0x000001ad380d0a50 DEOPT PACKING pc=0x000001ad2894beb8 sp=0x0000008c94bff260
Event: 28.928 Thread 0x000001ad380d0a50 DEOPT UNPACKING pc=0x000001ad28229ea3 sp=0x0000008c94bff200 mode 2
Event: 28.950 Thread 0x000001ad380d0a50 Uncommon trap: trap_request=0xffffffdc fr.pc=0x000001ad2894a59c relative=0x000000000000027c
Event: 28.950 Thread 0x000001ad380d0a50 Uncommon trap: reason=class_check action=make_not_entrant pc=0x000001ad2894a59c method=java.util.ArrayList.toArray([Ljava/lang/Object;)[Ljava/lang/Object; @ 21 c2
Event: 28.950 Thread 0x000001ad380d0a50 DEOPT PACKING pc=0x000001ad2894a59c sp=0x0000008c94bfee80
Event: 28.950 Thread 0x000001ad380d0a50 DEOPT UNPACKING pc=0x000001ad28229ea3 sp=0x0000008c94bfee40 mode 2
Event: 29.022 Thread 0x000001ad380d0a50 DEOPT PACKING pc=0x000001ad20fdf751 sp=0x0000008c94bfeb90
Event: 29.022 Thread 0x000001ad380d0a50 DEOPT UNPACKING pc=0x000001ad2822a9e3 sp=0x0000008c94bfe020 mode 0
Event: 29.356 Thread 0x000001ad380d0a50 DEOPT PACKING pc=0x000001ad21a0f164 sp=0x0000008c94bfe910
Event: 29.356 Thread 0x000001ad380d0a50 DEOPT UNPACKING pc=0x000001ad2822a9e3 sp=0x0000008c94bfddb0 mode 0

Classes unloaded (8 events):
Event: 12.382 Thread 0x000001ad1e0a59d0 Unloading class 0x0000000100218000 'java/lang/invoke/LambdaForm$MH+0x0000000100218000'
Event: 12.383 Thread 0x000001ad1e0a59d0 Unloading class 0x0000000100217c00 'java/lang/invoke/LambdaForm$MH+0x0000000100217c00'
Event: 12.383 Thread 0x000001ad1e0a59d0 Unloading class 0x0000000100217800 'java/lang/invoke/LambdaForm$MH+0x0000000100217800'
Event: 12.383 Thread 0x000001ad1e0a59d0 Unloading class 0x0000000100217400 'java/lang/invoke/LambdaForm$MH+0x0000000100217400'
Event: 12.383 Thread 0x000001ad1e0a59d0 Unloading class 0x0000000100217000 'java/lang/invoke/LambdaForm$BMH+0x0000000100217000'
Event: 12.383 Thread 0x000001ad1e0a59d0 Unloading class 0x0000000100216c00 'java/lang/invoke/LambdaForm$DMH+0x0000000100216c00'
Event: 12.383 Thread 0x000001ad1e0a59d0 Unloading class 0x0000000100214000 'java/lang/invoke/LambdaForm$DMH+0x0000000100214000'
Event: 22.688 Thread 0x000001ad1e0a59d0 Unloading class 0x0000000100691800 'java/lang/invoke/LambdaForm$DMH+0x0000000100691800'

Classes redefined (0 events):
No events

Internal exceptions (20 events):
Event: 27.196 Thread 0x000001ad3c007ae0 Exception <a 'java/lang/ArrayIndexOutOfBoundsException'{0x00000000eb54acb8}: Index 811 out of bounds for length 811> (0x00000000eb54acb8) 
thrown [s\src\hotspot\share\interpreter\interpreterRuntime.cpp, line 428]
Event: 27.196 Thread 0x000001ad3c007ae0 Exception <a 'java/lang/ArrayIndexOutOfBoundsException'{0x00000000eb54b350}: Index 812 out of bounds for length 811> (0x00000000eb54b350) 
thrown [s\src\hotspot\share\interpreter\interpreterRuntime.cpp, line 428]
Event: 27.399 Thread 0x000001ad3c007ae0 Exception <a 'java/lang/ArrayIndexOutOfBoundsException'{0x00000000ec7e9428}: Index 810 out of bounds for length 810> (0x00000000ec7e9428) 
thrown [s\src\hotspot\share\interpreter\interpreterRuntime.cpp, line 428]
Event: 27.432 Thread 0x000001ad3c007ae0 Exception <a 'java/lang/ArrayIndexOutOfBoundsException'{0x00000000ecb4b140}: Index 810 out of bounds for length 810> (0x00000000ecb4b140) 
thrown [s\src\hotspot\share\interpreter\interpreterRuntime.cpp, line 428]
Event: 27.432 Thread 0x000001ad3c007ae0 Exception <a 'java/lang/ArrayIndexOutOfBoundsException'{0x00000000ecb4f6b0}: Index 810 out of bounds for length 810> (0x00000000ecb4f6b0) 
thrown [s\src\hotspot\share\interpreter\interpreterRuntime.cpp, line 428]
Event: 27.432 Thread 0x000001ad3c007ae0 Exception <a 'java/lang/ArrayIndexOutOfBoundsException'{0x00000000ecb4fd48}: Index 811 out of bounds for length 810> (0x00000000ecb4fd48) 
thrown [s\src\hotspot\share\interpreter\interpreterRuntime.cpp, line 428]
Event: 27.547 Thread 0x000001ad380d00b0 Exception <a 'sun/nio/fs/WindowsException'{0x00000000eceafe70}> (0x00000000eceafe70) 
thrown [s\src\hotspot\share\prims\jni.cpp, line 516]
Event: 27.591 Thread 0x000001ad3c007ae0 Exception <a 'java/lang/ArrayIndexOutOfBoundsException'{0x00000000ed940cb0}: Index 809 out of bounds for length 809> (0x00000000ed940cb0) 
thrown [s\src\hotspot\share\interpreter\interpreterRuntime.cpp, line 428]
Event: 27.600 Thread 0x000001ad3c007ae0 Exception <a 'java/lang/ArrayIndexOutOfBoundsException'{0x00000000eda64248}: Index 809 out of bounds for length 809> (0x00000000eda64248) 
thrown [s\src\hotspot\share\interpreter\interpreterRuntime.cpp, line 428]
Event: 27.600 Thread 0x000001ad3c007ae0 Exception <a 'java/lang/ArrayIndexOutOfBoundsException'{0x00000000eda687b8}: Index 809 out of bounds for length 809> (0x00000000eda687b8) 
thrown [s\src\hotspot\share\interpreter\interpreterRuntime.cpp, line 428]
Event: 27.601 Thread 0x000001ad3c007ae0 Exception <a 'java/lang/ArrayIndexOutOfBoundsException'{0x00000000eda68e50}: Index 810 out of bounds for length 809> (0x00000000eda68e50) 
thrown [s\src\hotspot\share\interpreter\interpreterRuntime.cpp, line 428]
Event: 28.338 Thread 0x000001ad3c008e20 Exception <a 'java/lang/NoSuchMethodError'{0x00000000ef153dc8}: 'java.lang.Object java.lang.invoke.DirectMethodHandle$Holder.invokeStatic(java.lang.Object, int, java.lang.Object, java.lang.Object, java.lang.Object, java.lang.Object)'> (0x00000000ef153dc8) 
thrown [s\src\hotspot\share\interpreter\linkResolver.cpp, line 759]
Event: 28.432 Thread 0x000001ad3c008e20 Exception <a 'java/lang/NoSuchMethodError'{0x00000000eb76b858}: 'int java.lang.invoke.DirectMethodHandle$Holder.invokeSpecialIFC(java.lang.Object, java.lang.Object, java.lang.Object, java.lang.Object)'> (0x00000000eb76b858) 
thrown [s\src\hotspot\share\interpreter\linkResolver.cpp, line 759]
Event: 28.629 Thread 0x000001ad380d1d90 Exception <a 'java/lang/NoSuchMethodError'{0x00000000ec7764d8}: 'java.lang.Object java.lang.invoke.DirectMethodHandle$Holder.invokeStatic(java.lang.Object, java.lang.Object, int, java.lang.Object)'> (0x00000000ec7764d8) 
thrown [s\src\hotspot\share\interpreter\linkResolver.cpp, line 759]
Event: 28.630 Thread 0x000001ad380d1d90 Exception <a 'java/lang/NoSuchMethodError'{0x00000000ec77d600}: 'java.lang.Object java.lang.invoke.DirectMethodHandle$Holder.newInvokeSpecial(java.lang.Object, java.lang.Object, int)'> (0x00000000ec77d600) 
thrown [s\src\hotspot\share\interpreter\linkResolver.cpp, line 759]
Event: 28.815 Thread 0x000001ad3c00a160 Implicit null exception at 0x000001ad288fec9f to 0x000001ad288fed80
Event: 29.101 Thread 0x000001ad3c007ae0 Exception <a 'java/lang/ArrayIndexOutOfBoundsException'{0x00000000eb1d8290}> (0x00000000eb1d8290) 
thrown [s\src\hotspot\share\runtime\sharedRuntime.cpp, line 628]
Event: 29.109 Thread 0x000001ad3c007ae0 Exception <a 'java/lang/ArrayIndexOutOfBoundsException'{0x00000000eb314478}> (0x00000000eb314478) 
thrown [s\src\hotspot\share\runtime\sharedRuntime.cpp, line 628]
Event: 29.109 Thread 0x000001ad3c007ae0 Exception <a 'java/lang/ArrayIndexOutOfBoundsException'{0x00000000eb3196b0}> (0x00000000eb3196b0) 
thrown [s\src\hotspot\share\runtime\sharedRuntime.cpp, line 628]
Event: 29.109 Thread 0x000001ad3c007ae0 Exception <a 'java/lang/ArrayIndexOutOfBoundsException'{0x00000000eb319d48}> (0x00000000eb319d48) 
thrown [s\src\hotspot\share\runtime\sharedRuntime.cpp, line 628]

VM Operations (20 events):
Event: 27.057 Executing VM operation: ParallelGCFailedAllocation
Event: 27.074 Executing VM operation: ParallelGCFailedAllocation done
Event: 27.327 Executing VM operation: HandshakeAllThreads
Event: 27.327 Executing VM operation: HandshakeAllThreads done
Event: 27.426 Executing VM operation: ICBufferFull
Event: 27.431 Executing VM operation: ICBufferFull done
Event: 27.807 Executing VM operation: HandshakeAllThreads
Event: 27.807 Executing VM operation: HandshakeAllThreads done
Event: 27.807 Executing VM operation: ICBufferFull
Event: 27.808 Executing VM operation: ICBufferFull done
Event: 27.867 Executing VM operation: ParallelGCFailedAllocation
Event: 27.882 Executing VM operation: ParallelGCFailedAllocation done
Event: 28.127 Executing VM operation: ICBufferFull
Event: 28.129 Executing VM operation: ICBufferFull done
Event: 28.348 Executing VM operation: ParallelGCFailedAllocation
Event: 28.358 Executing VM operation: ParallelGCFailedAllocation done
Event: 29.022 Executing VM operation: ParallelGCFailedAllocation
Event: 29.029 Executing VM operation: ParallelGCFailedAllocation done
Event: 29.441 Executing VM operation: ICBufferFull
Event: 29.441 Executing VM operation: ICBufferFull done

Events (20 events):
Event: 27.832 Thread 0x000001ad371651e0 flushing nmethod 0x000001ad218a3410
Event: 27.832 Thread 0x000001ad371651e0 flushing nmethod 0x000001ad218edc10
Event: 27.833 Thread 0x000001ad371651e0 flushing nmethod 0x000001ad2192f390
Event: 27.833 Thread 0x000001ad371651e0 flushing nmethod 0x000001ad2197d790
Event: 27.833 Thread 0x000001ad371651e0 flushing nmethod 0x000001ad2197f890
Event: 27.834 Thread 0x000001ad371651e0 flushing nmethod 0x000001ad219f8110
Event: 27.834 Thread 0x000001ad371651e0 flushing nmethod 0x000001ad21a34490
Event: 27.834 Thread 0x000001ad371651e0 flushing nmethod 0x000001ad21a35710
Event: 27.834 Thread 0x000001ad371651e0 flushing nmethod 0x000001ad21a84c90
Event: 27.835 Thread 0x000001ad371651e0 flushing nmethod 0x000001ad21a9df90
Event: 27.835 Thread 0x000001ad371651e0 flushing nmethod 0x000001ad21b14490
Event: 27.835 Thread 0x000001ad371651e0 flushing nmethod 0x000001ad21b1f810
Event: 27.835 Thread 0x000001ad371651e0 flushing nmethod 0x000001ad21b25810
Event: 27.835 Thread 0x000001ad371651e0 flushing nmethod 0x000001ad21b26290
Event: 27.835 Thread 0x000001ad371651e0 flushing nmethod 0x000001ad21b2f210
Event: 27.835 Thread 0x000001ad371651e0 flushing nmethod 0x000001ad21b3a790
Event: 27.836 Thread 0x000001ad371651e0 flushing nmethod 0x000001ad21b57e10
Event: 27.836 Thread 0x000001ad371651e0 flushing nmethod 0x000001ad21b59990
Event: 28.813 loading class java/util/function/UnaryOperator
Event: 28.814 loading class java/util/function/UnaryOperator done


Dynamic libraries:
0x00007ff724ef0000 - 0x00007ff724efe000 	c:\Users\kiit\.vscode\extensions\redhat.java-1.21.0-win32-x64\jre\17.0.7-win32-x86_64\bin\java.exe
0x00007ffe02990000 - 0x00007ffe02ba4000 	C:\WINDOWS\SYSTEM32\ntdll.dll
0x00007ffe01570000 - 0x00007ffe01634000 	C:\WINDOWS\System32\KERNEL32.DLL
0x00007ffdffd70000 - 0x00007ffe00114000 	C:\WINDOWS\System32\KERNELBASE.dll
0x00007ffe001c0000 - 0x00007ffe002d1000 	C:\WINDOWS\System32\ucrtbase.dll
0x00007ffdfe170000 - 0x00007ffdfe187000 	c:\Users\kiit\.vscode\extensions\redhat.java-1.21.0-win32-x64\jre\17.0.7-win32-x86_64\bin\jli.dll
0x00007ffded8a0000 - 0x00007ffded8b9000 	c:\Users\kiit\.vscode\extensions\redhat.java-1.21.0-win32-x64\jre\17.0.7-win32-x86_64\bin\VCRUNTIME140.dll
0x00007ffe00750000 - 0x00007ffe008fa000 	C:\WINDOWS\System32\USER32.dll
0x00007ffe00600000 - 0x00007ffe00626000 	C:\WINDOWS\System32\win32u.dll
0x00007ffe02920000 - 0x00007ffe02949000 	C:\WINDOWS\System32\GDI32.dll
0x00007ffe00630000 - 0x00007ffe00749000 	C:\WINDOWS\System32\gdi32full.dll
0x00007ffe00120000 - 0x00007ffe001ba000 	C:\WINDOWS\System32\msvcp_win.dll
0x00007ffdfefb0000 - 0x00007ffdff23f000 	C:\WINDOWS\WinSxS\amd64_microsoft.windows.common-controls_6595b64144ccf1df_6.0.22621.2070_none_2713e6537381f706\COMCTL32.dll
0x00007ffe01e90000 - 0x00007ffe01f37000 	C:\WINDOWS\System32\msvcrt.dll
0x00007ffe016a0000 - 0x00007ffe016d1000 	C:\WINDOWS\System32\IMM32.DLL
0x00007ffdf2800000 - 0x00007ffdf280c000 	c:\Users\kiit\.vscode\extensions\redhat.java-1.21.0-win32-x64\jre\17.0.7-win32-x86_64\bin\vcruntime140_1.dll
0x00007ffdc80d0000 - 0x00007ffdc8161000 	c:\Users\kiit\.vscode\extensions\redhat.java-1.21.0-win32-x64\jre\17.0.7-win32-x86_64\bin\msvcp140.dll
0x00007ffd50c70000 - 0x00007ffd518b8000 	c:\Users\kiit\.vscode\extensions\redhat.java-1.21.0-win32-x64\jre\17.0.7-win32-x86_64\bin\server\jvm.dll
0x00007ffe00b40000 - 0x00007ffe00bf0000 	C:\WINDOWS\System32\ADVAPI32.dll
0x00007ffe02870000 - 0x00007ffe02916000 	C:\WINDOWS\System32\sechost.dll
0x00007ffe01d00000 - 0x00007ffe01e17000 	C:\WINDOWS\System32\RPCRT4.dll
0x00007ffdc9250000 - 0x00007ffdc9259000 	C:\WINDOWS\SYSTEM32\WSOCK32.dll
0x00007ffdfde30000 - 0x00007ffdfde3a000 	C:\WINDOWS\SYSTEM32\VERSION.dll
0x00007ffdf2780000 - 0x00007ffdf27b4000 	C:\WINDOWS\SYSTEM32\WINMM.dll
0x00007ffe00ed0000 - 0x00007ffe00f41000 	C:\WINDOWS\System32\WS2_32.dll
0x00007ffdfeb00000 - 0x00007ffdfeb18000 	C:\WINDOWS\SYSTEM32\kernel.appcore.dll
0x00007ffded890000 - 0x00007ffded89a000 	c:\Users\kiit\.vscode\extensions\redhat.java-1.21.0-win32-x64\jre\17.0.7-win32-x86_64\bin\jimage.dll
0x00007ffdff6a0000 - 0x00007ffdff8ce000 	C:\WINDOWS\SYSTEM32\DBGHELP.DLL
0x00007ffe011e0000 - 0x00007ffe0156a000 	C:\WINDOWS\System32\combase.dll
0x00007ffe00f60000 - 0x00007ffe01037000 	C:\WINDOWS\System32\OLEAUT32.dll
0x00007ffdff560000 - 0x00007ffdff592000 	C:\WINDOWS\SYSTEM32\dbgcore.DLL
0x00007ffe002e0000 - 0x00007ffe0035a000 	C:\WINDOWS\System32\bcryptPrimitives.dll
0x00007ffded880000 - 0x00007ffded88e000 	c:\Users\kiit\.vscode\extensions\redhat.java-1.21.0-win32-x64\jre\17.0.7-win32-x86_64\bin\instrument.dll
0x00007ffdec880000 - 0x00007ffdec8a5000 	c:\Users\kiit\.vscode\extensions\redhat.java-1.21.0-win32-x64\jre\17.0.7-win32-x86_64\bin\java.dll
0x00007ffded860000 - 0x00007ffded878000 	c:\Users\kiit\.vscode\extensions\redhat.java-1.21.0-win32-x64\jre\17.0.7-win32-x86_64\bin\zip.dll
0x00007ffe01f40000 - 0x00007ffe02756000 	C:\WINDOWS\System32\SHELL32.dll
0x00007ffdfce00000 - 0x00007ffdfd6ea000 	C:\WINDOWS\SYSTEM32\windows.storage.dll
0x00007ffdfccc0000 - 0x00007ffdfcdfe000 	C:\WINDOWS\SYSTEM32\wintypes.dll
0x00007ffe00c10000 - 0x00007ffe00d03000 	C:\WINDOWS\System32\SHCORE.dll
0x00007ffe01640000 - 0x00007ffe0169e000 	C:\WINDOWS\System32\shlwapi.dll
0x00007ffdffca0000 - 0x00007ffdffcc6000 	C:\WINDOWS\SYSTEM32\profapi.dll
0x00007ffdec860000 - 0x00007ffdec879000 	C:\Users\kiit\.vscode\extensions\redhat.java-1.21.0-win32-x64\jre\17.0.7-win32-x86_64\bin\net.dll
0x00007ffdf4f70000 - 0x00007ffdf50a7000 	C:\WINDOWS\SYSTEM32\WINHTTP.dll
0x00007ffdfebe0000 - 0x00007ffdfec49000 	C:\WINDOWS\system32\mswsock.dll
0x00007ffdec830000 - 0x00007ffdec845000 	C:\Users\kiit\.vscode\extensions\redhat.java-1.21.0-win32-x64\jre\17.0.7-win32-x86_64\bin\nio.dll
0x00007ffdec740000 - 0x00007ffdec750000 	c:\Users\kiit\.vscode\extensions\redhat.java-1.21.0-win32-x64\jre\17.0.7-win32-x86_64\bin\verify.dll
0x00007ffdec700000 - 0x00007ffdec73e000 	C:\Users\kiit\AppData\Roaming\Code\User\globalStorage\redhat.java\1.21.0\config_win\org.eclipse.equinox.launcher\org.eclipse.equinox.launcher.win32.win32.x86_64_1.2.700.v20221108-1024\eclipse_11801.dll
0x00007ffe01b60000 - 0x00007ffe01cfc000 	C:\WINDOWS\System32\ole32.dll
0x00007ffdffa10000 - 0x00007ffdffa2b000 	C:\WINDOWS\SYSTEM32\CRYPTSP.dll
0x00007ffdfdeb0000 - 0x00007ffdfdee5000 	C:\WINDOWS\system32\rsaenh.dll
0x00007ffdfedf0000 - 0x00007ffdfee1c000 	C:\WINDOWS\SYSTEM32\USERENV.dll
0x00007ffdff5a0000 - 0x00007ffdff5c8000 	C:\WINDOWS\SYSTEM32\bcrypt.dll
0x00007ffdfee20000 - 0x00007ffdfee2c000 	C:\WINDOWS\SYSTEM32\CRYPTBASE.dll
0x00007ffdfda10000 - 0x00007ffdfda3d000 	C:\WINDOWS\SYSTEM32\IPHLPAPI.DLL
0x00007ffe00b30000 - 0x00007ffe00b39000 	C:\WINDOWS\System32\NSI.dll
0x00007ffdf2ac0000 - 0x00007ffdf2ad9000 	C:\WINDOWS\SYSTEM32\dhcpcsvc6.DLL
0x00007ffdf2aa0000 - 0x00007ffdf2abf000 	C:\WINDOWS\SYSTEM32\dhcpcsvc.DLL
0x00007ffdfda40000 - 0x00007ffdfdb33000 	C:\WINDOWS\SYSTEM32\DNSAPI.dll
0x00007ffdd4d60000 - 0x00007ffdd4da5000 	C:\Users\kiit\AppData\Local\Temp\jna-3291913\jna10638907904059782132.dll
0x00007ffe011d0000 - 0x00007ffe011d8000 	C:\WINDOWS\System32\PSAPI.DLL
0x00007ffdec6f0000 - 0x00007ffdec6fe000 	C:\Users\kiit\.vscode\extensions\redhat.java-1.21.0-win32-x64\jre\17.0.7-win32-x86_64\bin\sunmscapi.dll
0x00007ffe00360000 - 0x00007ffe004c7000 	C:\WINDOWS\System32\CRYPT32.dll
0x00007ffdff240000 - 0x00007ffdff26e000 	C:\WINDOWS\SYSTEM32\ncrypt.dll
0x00007ffdfef70000 - 0x00007ffdfefa7000 	C:\WINDOWS\SYSTEM32\NTASN1.dll
0x00007ffdf4230000 - 0x00007ffdf423a000 	C:\Windows\System32\rasadhlp.dll
0x00007ffdf0a40000 - 0x00007ffdf0ac4000 	C:\WINDOWS\System32\fwpuclnt.dll

dbghelp: loaded successfully - version: 4.0.5 - missing functions: none
symbol engine: initialized successfully - sym options: 0x614 - pdb path: .;c:\Users\kiit\.vscode\extensions\redhat.java-1.21.0-win32-x64\jre\17.0.7-win32-x86_64\bin;C:\WINDOWS\SYSTEM32;C:\WINDOWS\WinSxS\amd64_microsoft.windows.common-controls_6595b64144ccf1df_6.0.22621.2070_none_2713e6537381f706;c:\Users\kiit\.vscode\extensions\redhat.java-1.21.0-win32-x64\jre\17.0.7-win32-x86_64\bin\server;C:\Users\kiit\AppData\Roaming\Code\User\globalStorage\redhat.java\1.21.0\config_win\org.eclipse.equinox.launcher\org.eclipse.equinox.launcher.win32.win32.x86_64_1.2.700.v20221108-1024;C:\Users\kiit\AppData\Local\Temp\jna-3291913

VM Arguments:
jvm_args: --add-modules=ALL-SYSTEM --add-opens=java.base/java.util=ALL-UNNAMED --add-opens=java.base/java.lang=ALL-UNNAMED --add-opens=java.base/sun.nio.fs=ALL-UNNAMED -Declipse.application=org.eclipse.jdt.ls.core.id1 -Dosgi.bundles.defaultStartLevel=4 -Declipse.product=org.eclipse.jdt.ls.core.product -Djava.import.generatesMetadataFilesAtProjectRoot=false -Dfile.encoding=utf8 -XX:+UseParallelGC -XX:GCTimeRatio=4 -XX:AdaptiveSizePolicyWeight=90 -Dsun.zip.disableMemoryMapping=true -Xmx1G -Xms100m -Xlog:disable -javaagent:c:\Users\kiit\.vscode\extensions\redhat.java-1.21.0-win32-x64\lombok\lombok-1.18.28.jar -XX:+HeapDumpOnOutOfMemoryError -XX:HeapDumpPath=c:\Users\kiit\AppData\Roaming\Code\User\workspaceStorage\f0f853a0287c68d1c4c96e52358870d1\redhat.java -Daether.dependencyCollector.impl=bf 
java_command: c:\Users\kiit\.vscode\extensions\redhat.java-1.21.0-win32-x64\server\plugins\org.eclipse.equinox.launcher_1.6.500.v20230717-2134.jar -configuration c:\Users\kiit\AppData\Roaming\Code\User\globalStorage\redhat.java\1.21.0\config_win -data c:\Users\kiit\AppData\Roaming\Code\User\workspaceStorage\f0f853a0287c68d1c4c96e52358870d1\redhat.java\jdt_ws
java_class_path (initial): c:\Users\kiit\.vscode\extensions\redhat.java-1.21.0-win32-x64\server\plugins\org.eclipse.equinox.launcher_1.6.500.v20230717-2134.jar
Launcher Type: SUN_STANDARD

[Global flags]
    uintx AdaptiveSizePolicyWeight                 = 90                                        {product} {command line}
     intx CICompilerCount                          = 4                                         {product} {ergonomic}
    uintx GCTimeRatio                              = 4                                         {product} {command line}
     bool HeapDumpOnOutOfMemoryError               = true                                   {manageable} {command line}
    ccstr HeapDumpPath                             = c:\Users\kiit\AppData\Roaming\Code\User\workspaceStorage\f0f853a0287c68d1c4c96e52358870d1\redhat.java         {manageable} {command line}
   size_t InitialHeapSize                          = 104857600                                 {product} {command line}
   size_t MaxHeapSize                              = 1073741824                                {product} {command line}
   size_t MaxNewSize                               = 357564416                                 {product} {ergonomic}
   size_t MinHeapDeltaBytes                        = 524288                                    {product} {ergonomic}
   size_t MinHeapSize                              = 104857600                                 {product} {command line}
   size_t NewSize                                  = 34603008                                  {product} {ergonomic}
    uintx NonNMethodCodeHeapSize                   = 5839372                                {pd product} {ergonomic}
    uintx NonProfiledCodeHeapSize                  = 122909434                              {pd product} {ergonomic}
   size_t OldSize                                  = 70254592                                  {product} {ergonomic}
    uintx ProfiledCodeHeapSize                     = 122909434                              {pd product} {ergonomic}
    uintx ReservedCodeCacheSize                    = 251658240                              {pd product} {ergonomic}
     bool SegmentedCodeCache                       = true                                      {product} {ergonomic}
   size_t SoftMaxHeapSize                          = 1073741824                             {manageable} {ergonomic}
     bool UseCompressedClassPointers               = true                           {product lp64_product} {ergonomic}
     bool UseCompressedOops                        = true                           {product lp64_product} {ergonomic}
     bool UseLargePagesIndividualAllocation        = false                                  {pd product} {ergonomic}
     bool UseParallelGC                            = true                                      {product} {command line}

Logging:
Log output configuration:
 #0: stdout all=off uptime,level,tags
 #1: stderr all=off uptime,level,tags

Environment Variables:
PATH=C:\oraclexe\app\oracle\product\10.2.0\server\bin;C:\Program Files\Common Files\Oracle\Java\javapath;C:\Program Files (x86)\Common Files\Oracle\Java\javapath;C:\WINDOWS\system32;C:\WINDOWS;C:\WINDOWS\System32\Wbem;C:\WINDOWS\System32\WindowsPowerShell\v1.0\;C:\WINDOWS\System32\OpenSSH\;C:\Program Files\dotnet\;C:\Program Files\nodejs\;C:\Program Files\Java\jdk-20\bin;.;C:\Program Files\Git\cmd;C:\Users\kiit\AppData\Local\Microsoft\WindowsApps;C:\Users\kiit\AppData\Local\Programs\Microsoft VS Code\bin;C:\Users\kiit\AppData\Roaming\npm;
USERNAME=kiit
OS=Windows_NT
PROCESSOR_IDENTIFIER=Intel64 Family 6 Model 140 Stepping 1, GenuineIntel
TMP=C:\Users\kiit\AppData\Local\Temp
TEMP=C:\Users\kiit\AppData\Local\Temp



---------------  S Y S T E M  ---------------

OS:
 Windows 11 , 64 bit Build 22621 (10.0.22621.2070)
OS uptime: 2 days 18:12 hours
Hyper-V role detected

CPU: total 8 (initial active 8) (4 cores per cpu, 2 threads per core) family 6 model 140 stepping 1 microcode 0xa4, cx8, cmov, fxsr, ht, mmx, 3dnowpref, sse, sse2, sse3, ssse3, sse4.1, sse4.2, popcnt, lzcnt, tsc, tscinvbit, avx, avx2, aes, erms, clmul, bmi1, bmi2, adx, avx512f, avx512dq, avx512cd, avx512bw, avx512vl, sha, fma, vzeroupper, avx512_vpopcntdq, avx512_vpclmulqdq, avx512_vaes, avx512_vnni, clflush, clflushopt, clwb, avx512_vbmi2, avx512_vbmi, hv

Memory: 4k page, system-wide physical 15931M (5049M free)
TotalPageFile size 20947M (AvailPageFile size 3792M)
current process WorkingSet (physical memory assigned to process): 401M, peak: 409M
current process commit charge ("private bytes"): 443M, peak: 455M

vm_info: OpenJDK 64-Bit Server VM (17.0.7+7) for windows-amd64 JRE (17.0.7+7), built on Apr 18 2023 22:10:42 by "temurin" with MS VC++ 16.7 (VS2019)

END.
