#
# A fatal error has been detected by the Java Runtime Environment:
#
#  EXCEPTION_ACCESS_VIOLATION (0xc0000005) at pc=0x00007ffd5162b9e8, pid=15924, tid=12808
#
# JRE version: OpenJDK Runtime Environment Temurin-17.0.7+7 (17.0.7+7) (build 17.0.7+7)
# Java VM: OpenJDK 64-Bit Server VM Temurin-17.0.7+7 (17.0.7+7, mixed mode, tiered, compressed oops, compressed class ptrs, parallel gc, windows-amd64)
# Problematic frame:
# V  [jvm.dll+0x9bb9e8]
#
# No core dump will be written. Minidumps are not enabled by default on client versions of Windows
#
# If you would like to submit a bug report, please visit:
#   https://github.com/adoptium/adoptium-support/issues
#

---------------  S U M M A R Y ------------

Command Line: --add-modules=ALL-SYSTEM --add-opens=java.base/java.util=ALL-UNNAMED --add-opens=java.base/java.lang=ALL-UNNAMED --add-opens=java.base/sun.nio.fs=ALL-UNNAMED -Declipse.application=org.eclipse.jdt.ls.core.id1 -Dosgi.bundles.defaultStartLevel=4 -Declipse.product=org.eclipse.jdt.ls.core.product -Djava.import.generatesMetadataFilesAtProjectRoot=false -Dfile.encoding=utf8 -XX:+UseParallelGC -XX:GCTimeRatio=4 -XX:AdaptiveSizePolicyWeight=90 -Dsun.zip.disableMemoryMapping=true -Xmx1G -Xms100m -Xlog:disable -javaagent:c:\Users\kiit\.vscode\extensions\redhat.java-1.21.0-win32-x64\lombok\lombok-1.18.28.jar -XX:+HeapDumpOnOutOfMemoryError -XX:HeapDumpPath=c:\Users\kiit\AppData\Roaming\Code\User\workspaceStorage\f0f853a0287c68d1c4c96e52358870d1\redhat.java -Daether.dependencyCollector.impl=bf c:\Users\kiit\.vscode\extensions\redhat.java-1.21.0-win32-x64\server\plugins\org.eclipse.equinox.launcher_1.6.500.v20230717-2134.jar -configuration c:\Users\kiit\AppData\Roaming\Code\User\globalStorage\redhat.java\1.21.0\config_win -data c:\Users\kiit\AppData\Roaming\Code\User\workspaceStorage\f0f853a0287c68d1c4c96e52358870d1\redhat.java\jdt_ws

Host: 11th Gen Intel(R) Core(TM) i7-1165G7 @ 2.80GHz, 8 cores, 15G,  Windows 11 , 64 bit Build 22621 (10.0.22621.2070)
Time: Wed Aug 16 19:56:26 2023 India Standard Time elapsed time: 177066.875714 seconds (2d 1h 11m 6s)

---------------  T H R E A D  ---------------

Current thread (0x00000157eacdac10):  GCTaskThread "GC Thread#3" [stack: 0x0000002320600000,0x0000002320700000] [id=12808]

Stack: [0x0000002320600000,0x0000002320700000],  sp=0x00000023206ff7c8,  free space=1021k
Native frames: (J=compiled Java code, j=interpreted, Vv=VM code, C=native code)
V  [jvm.dll+0x9bb9e8]


siginfo: EXCEPTION_ACCESS_VIOLATION (0xc0000005), data execution prevention violation at address 0x00007ffd5162b9e8


Register to memory mapping:

RIP=0x00007ffd5162b9e8 jvm.dll
RAX=0x0000000000000157 is an unknown value
RBX=0x00000157e43f79d0 points into unknown readable memory: 0x00000157d07258f0 | f0 58 72 d0 57 01 00 00
RCX=0x00000023206ff830 points into unknown readable memory: 0x00007ffd5161f918 | 18 f9 61 51 fd 7f 00 00
RDX=0x00000000cc7ab9f8 points into unknown readable memory: 0x0000000000000009 | 09 00 00 00 00 00 00 00
RSP=0x00000023206ff7c8 points into unknown readable memory: 0x00007ffd5131a5a9 | a9 a5 31 51 fd 7f 00 00
RBP=0x00000023206ff839 points into unknown readable memory: 4a 68 d0 57 01 00 00
RSI=0x00007ffd5161f918 jvm.dll
RDI=0x0000000000001b44 is an unknown value
R8 =0x0000000100051b58 is pointing into metadata
R9 =0x0000000000000001 is an unknown value
R10=0x0 is NULL
R11=0x000000000000018f is an unknown value
R12=0x0 is NULL
R13=0x0000000000000010 is an unknown value
R14=0x00007ffd5158aa20 jvm.dll
R15=0x00007ffd51784770 jvm.dll


Registers:
RAX=0x0000000000000157, RBX=0x00000157e43f79d0, RCX=0x00000023206ff830, RDX=0x00000000cc7ab9f8
RSP=0x00000023206ff7c8, RBP=0x00000023206ff839, RSI=0x00007ffd5161f918, RDI=0x0000000000001b44
R8 =0x0000000100051b58, R9 =0x0000000000000001, R10=0x0000000000000000, R11=0x000000000000018f
R12=0x0000000000000000, R13=0x0000000000000010, R14=0x00007ffd5158aa20, R15=0x00007ffd51784770
RIP=0x00007ffd5162b9e8, EFLAGS=0x0000000000010202

Top of Stack: (sp=0x00000023206ff7c8)
0x00000023206ff7c8:   00007ffd5131a5a9 00007ffd5161f918
0x00000023206ff7d8:   00000157e43f79d0 00000023206ff839
0x00000023206ff7e8:   0000000000001b2c 00001a330000099e
0x00000023206ff7f8:   00007ffd5131abdd 00000000c383d488
0x00000023206ff808:   0000000000000005 00000023206ff8d0
0x00000023206ff818:   00007ffd513199f9 00000157e43f79d0
0x00000023206ff828:   00007ffd513184a1 00007ffd5161f918
0x00000023206ff838:   00000157d0684a20 0000000000000003
0x00000023206ff848:   00000157e43f79d0 0000000000000000
0x00000023206ff858:   0000000000000000 0000000000000001
0x00000023206ff868:   00000000c32519c8 000000231f6ff098
0x00000023206ff878:   00007ffd51784770 000000000000000c
0x00000023206ff888:   00007ffd5161f918 00000157e43f79d0
0x00000023206ff898:   00007ffd51322b11 000000000000000c
0x00000023206ff8a8:   00007ffd5161f918 00000157e43f79d0
0x00000023206ff8b8:   001a49d000001c0d 00000000c324d9b8 

Instructions: (pc=0x00007ffd5162b9e8)
0x00007ffd5162b8e8:   20 52 6f 6f 74 73 00 00 20 20 20 20 20 20 57 52
0x00007ffd5162b8f8:   3a 20 3c 74 6f 74 61 6c 3e 00 00 00 00 00 00 00
0x00007ffd5162b908:   20 20 20 20 20 20 57 52 3a 20 54 68 72 65 61 64
0x00007ffd5162b918:   20 52 6f 6f 74 73 00 00 20 20 20 20 20 20 57 52
0x00007ffd5162b928:   3a 20 43 6f 64 65 20 43 61 63 68 65 20 52 6f 6f
0x00007ffd5162b938:   74 73 00 00 00 00 00 00 20 20 20 20 20 20 57 52
0x00007ffd5162b948:   3a 20 56 4d 20 53 74 72 6f 6e 67 20 52 6f 6f 74
0x00007ffd5162b958:   73 00 00 00 00 00 00 00 20 20 20 20 20 20 57 52
0x00007ffd5162b968:   3a 20 56 4d 20 57 65 61 6b 20 52 6f 6f 74 73 00
0x00007ffd5162b978:   20 20 20 20 20 20 57 52 3a 20 43 4c 44 47 20 52
0x00007ffd5162b988:   6f 6f 74 73 00 00 00 00 20 20 20 20 20 20 57 52
0x00007ffd5162b998:   3a 20 55 6e 6c 6f 61 64 20 43 6f 64 65 20 43 61
0x00007ffd5162b9a8:   63 68 65 73 00 00 00 00 20 20 20 20 20 20 57 52
0x00007ffd5162b9b8:   3a 20 55 6e 6c 69 6e 6b 20 43 4c 44 73 00 00 00
0x00007ffd5162b9c8:   20 20 20 20 20 20 57 52 3a 20 57 65 61 6b 20 52
0x00007ffd5162b9d8:   65 66 65 72 65 6e 63 65 73 00 00 00 00 00 00 00
0x00007ffd5162b9e8:   20 20 20 20 20 20 57 52 3a 20 50 61 72 61 6c 6c
0x00007ffd5162b9f8:   65 6c 20 4d 61 72 6b 00 20 20 4d 61 6e 61 67 65
0x00007ffd5162ba08:   20 47 43 2f 54 4c 41 42 73 00 00 00 00 00 00 00
0x00007ffd5162ba18:   20 20 43 68 6f 6f 73 65 20 43 6f 6c 6c 65 63 74
0x00007ffd5162ba28:   69 6f 6e 20 53 65 74 00 20 20 52 65 62 75 69 6c
0x00007ffd5162ba38:   64 20 46 72 65 65 20 53 65 74 00 00 00 00 00 00
0x00007ffd5162ba48:   20 20 49 6e 69 74 69 61 6c 20 45 76 61 63 75 61
0x00007ffd5162ba58:   74 69 6f 6e 00 00 00 00 20 20 20 20 45 3a 20 3c
0x00007ffd5162ba68:   74 6f 74 61 6c 3e 00 00 20 20 20 20 45 3a 20 54
0x00007ffd5162ba78:   68 72 65 61 64 20 52 6f 6f 74 73 00 00 00 00 00
0x00007ffd5162ba88:   20 20 20 20 45 3a 20 43 6f 64 65 20 43 61 63 68
0x00007ffd5162ba98:   65 20 52 6f 6f 74 73 00 20 20 20 20 45 3a 20 56
0x00007ffd5162baa8:   4d 20 53 74 72 6f 6e 67 20 52 6f 6f 74 73 00 00
0x00007ffd5162bab8:   20 20 20 20 45 3a 20 56 4d 20 57 65 61 6b 20 52
0x00007ffd5162bac8:   6f 6f 74 73 00 00 00 00 20 20 20 20 45 3a 20 43
0x00007ffd5162bad8:   4c 44 47 20 52 6f 6f 74 73 00 00 00 00 00 00 00 


Stack slot to memory mapping:
stack at sp + 0 slots: 0x00007ffd5131a5a9 jvm.dll
stack at sp + 1 slots: 0x00007ffd5161f918 jvm.dll
stack at sp + 2 slots: 0x00000157e43f79d0 points into unknown readable memory: 0x00000157d07258f0 | f0 58 72 d0 57 01 00 00
stack at sp + 3 slots: 0x00000023206ff839 points into unknown readable memory: 4a 68 d0 57 01 00 00
stack at sp + 4 slots: 0x0000000000001b2c is an unknown value
stack at sp + 5 slots: 0x00001a330000099e is an unknown value
stack at sp + 6 slots: 0x00007ffd5131abdd jvm.dll
stack at sp + 7 slots: 0x00000000c383d488 is an oop: org.eclipse.jdt.internal.core.util.LRUCache$LRUCacheEntry 
{0x00000000c383d488} - klass: 'org/eclipse/jdt/internal/core/util/LRUCache$LRUCacheEntry'
 - ---- fields (total size 5 words):
 - public 'timestamp' 'I' @12  9225526 (8cc536)
 - public 'space' 'I' @16  1
 - public 'key' 'Ljava/lang/Object;' @20  a 'org/eclipse/jdt/internal/core/PackageFragmentRoot'{0x00000000c383d4b0} (c383d4b0)
 - public 'value' 'Ljava/lang/Object;' @24  a 'org/eclipse/jdt/internal/core/PackageFragmentRootInfo'{0x00000000c383d500} (c383d500)
 - public 'previous' 'Lorg/eclipse/jdt/internal/core/util/LRUCache$LRUCacheEntry;' @28  a 'org/eclipse/jdt/internal/core/util/LRUCache$LRUCacheEntry'{0x00000000c13efbe0} (c13efbe0)
 - public 'next' 'Lorg/eclipse/jdt/internal/core/util/LRUCache$LRUCacheEntry;' @32  NULL (0)


---------------  P R O C E S S  ---------------

Threads class SMR info:
_java_thread_list=0x00000157eeb12cb0, length=38, elements={
0x00000157d066c2d0, 0x00000157d072a0c0, 0x00000157d072b320, 0x00000157e44edbe0,
0x00000157e44ee4a0, 0x00000157e44e9fd0, 0x00000157e44ea890, 0x00000157e44eb480,
0x00000157e97d2b60, 0x00000157e9832970, 0x00000157d06d0df0, 0x00000157ea7295d0,
0x00000157eaea2f20, 0x00000157eaf07ff0, 0x00000157eb226600, 0x00000157eb2194f0,
0x00000157eb4ba760, 0x00000157e98d2b10, 0x00000157e98d34b0, 0x00000157e98d2fe0,
0x00000157e98d3e50, 0x00000157e98d1ca0, 0x00000157e98d47f0, 0x00000157f019bd70,
0x00000157f019cbe0, 0x00000157f019df20, 0x00000157f01a18e0, 0x00000157f019aa30,
0x00000157f01a05a0, 0x00000157f07c7250, 0x00000157f07cd290, 0x00000157ead167e0,
0x00000157ead17b20, 0x00000157ead1b9b0, 0x00000157ead19cd0, 0x00000157ead16310,
0x00000157f07c8a60, 0x00000157f07c63e0
}

Java Threads: ( => current thread )
  0x00000157d066c2d0 JavaThread "main" [_thread_blocked, id=2020, stack(0x000000231f400000,0x000000231f500000)]
  0x00000157d072a0c0 JavaThread "Reference Handler" daemon [_thread_blocked, id=18244, stack(0x000000231f700000,0x000000231f800000)]
  0x00000157d072b320 JavaThread "Finalizer" daemon [_thread_blocked, id=620, stack(0x000000231f800000,0x000000231f900000)]
  0x00000157e44edbe0 JavaThread "Signal Dispatcher" daemon [_thread_blocked, id=16344, stack(0x000000231f900000,0x000000231fa00000)]
  0x00000157e44ee4a0 JavaThread "Attach Listener" daemon [_thread_blocked, id=17836, stack(0x000000231fa00000,0x000000231fb00000)]
  0x00000157e44e9fd0 JavaThread "Service Thread" daemon [_thread_blocked, id=15408, stack(0x000000231fb00000,0x000000231fc00000)]
  0x00000157e44ea890 JavaThread "Monitor Deflation Thread" daemon [_thread_blocked, id=17360, stack(0x000000231fc00000,0x000000231fd00000)]
  0x00000157e44eb480 JavaThread "C2 CompilerThread0" daemon [_thread_blocked, id=9260, stack(0x000000231fd00000,0x000000231fe00000)]
  0x00000157e97d2b60 JavaThread "C1 CompilerThread0" daemon [_thread_blocked, id=17300, stack(0x000000231fe00000,0x000000231ff00000)]
  0x00000157e9832970 JavaThread "Sweeper thread" daemon [_thread_blocked, id=7552, stack(0x000000231ff00000,0x0000002320000000)]
  0x00000157d06d0df0 JavaThread "Common-Cleaner" daemon [_thread_blocked, id=15372, stack(0x0000002320000000,0x0000002320100000)]
  0x00000157ea7295d0 JavaThread "Notification Thread" daemon [_thread_blocked, id=17888, stack(0x0000002320100000,0x0000002320200000)]
  0x00000157eaea2f20 JavaThread "Active Thread: Equinox Container: 1f934c49-f67d-49b9-88eb-93d9678f590f" [_thread_blocked, id=11764, stack(0x0000002320a00000,0x0000002320b00000)]
  0x00000157eaf07ff0 JavaThread "Framework Event Dispatcher: Equinox Container: 1f934c49-f67d-49b9-88eb-93d9678f590f" daemon [_thread_blocked, id=15112, stack(0x0000002320300000,0x0000002320400000)]
  0x00000157eb226600 JavaThread "Start Level: Equinox Container: 1f934c49-f67d-49b9-88eb-93d9678f590f" daemon [_thread_blocked, id=328, stack(0x0000002320b00000,0x0000002320c00000)]
  0x00000157eb2194f0 JavaThread "SCR Component Actor" daemon [_thread_blocked, id=11680, stack(0x0000002320d00000,0x0000002320e00000)]
  0x00000157eb4ba760 JavaThread "Bundle File Closer" daemon [_thread_blocked, id=13716, stack(0x0000002320c00000,0x0000002320d00000)]
  0x00000157e98d2b10 JavaThread "Worker-JM" [_thread_blocked, id=15488, stack(0x0000002321000000,0x0000002321100000)]
  0x00000157e98d34b0 JavaThread "Java indexing" daemon [_thread_blocked, id=11064, stack(0x0000002321500000,0x0000002321600000)]
  0x00000157e98d2fe0 JavaThread "JNA Cleaner" daemon [_thread_blocked, id=14664, stack(0x0000002321600000,0x0000002321700000)]
  0x00000157e98d3e50 JavaThread "pool-2-thread-1" [_thread_blocked, id=1948, stack(0x0000002321900000,0x0000002321a00000)]
  0x00000157e98d1ca0 JavaThread "WorkspaceEventsHandler" [_thread_blocked, id=10172, stack(0x0000002321a00000,0x0000002321b00000)]
  0x00000157e98d47f0 JavaThread "pool-1-thread-1" [_thread_in_native, id=18808, stack(0x0000002321b00000,0x0000002321c00000)]
  0x00000157f019bd70 JavaThread "Java Debug Server" daemon [_thread_in_native, id=23384, stack(0x0000002321c00000,0x0000002321d00000)]
  0x00000157f019cbe0 JavaThread "RxSchedulerPurge-1" daemon [_thread_blocked, id=3412, stack(0x0000002321f00000,0x0000002322000000)]
  0x00000157f019df20 JavaThread "RxCachedWorkerPoolEvictor-1" daemon [_thread_blocked, id=18504, stack(0x0000002322000000,0x0000002322100000)]
  0x00000157f01a18e0 JavaThread "ForkJoinPool.commonPool-worker-128" daemon [_thread_blocked, id=16404, stack(0x000000231f100000,0x000000231f200000)]
  0x00000157f019aa30 JavaThread "ForkJoinPool.commonPool-worker-129" daemon [_thread_blocked, id=15780, stack(0x000000231f200000,0x000000231f300000)]
  0x00000157f01a05a0 JavaThread "ForkJoinPool.commonPool-worker-130" daemon [_thread_blocked, id=23588, stack(0x000000231f300000,0x000000231f400000)]
  0x00000157f07c7250 JavaThread "ForkJoinPool.commonPool-worker-134" daemon [_thread_blocked, id=25868, stack(0x0000002321700000,0x0000002321800000)]
  0x00000157f07cd290 JavaThread "ForkJoinPool.commonPool-worker-135" daemon [_thread_blocked, id=13660, stack(0x0000002321200000,0x0000002321300000)]
  0x00000157ead167e0 JavaThread "Worker-67" [_thread_blocked, id=17728, stack(0x0000002321100000,0x0000002321200000)]
  0x00000157ead17b20 JavaThread "ForkJoinPool.commonPool-worker-136" daemon [_thread_blocked, id=15668, stack(0x0000002320f00000,0x0000002321000000)]
  0x00000157ead1b9b0 JavaThread "Worker-69" [_thread_blocked, id=21164, stack(0x0000002321d00000,0x0000002321e00000)]
  0x00000157ead19cd0 JavaThread "ForkJoinPool.commonPool-worker-137" daemon [_thread_blocked, id=14448, stack(0x0000002321300000,0x0000002321400000)]
  0x00000157ead16310 JavaThread "Worker-70" [_thread_blocked, id=24280, stack(0x0000002321400000,0x0000002321500000)]
  0x00000157f07c8a60 JavaThread "Worker-71" [_thread_blocked, id=21876, stack(0x0000002321e00000,0x0000002321f00000)]
  0x00000157f07c63e0 JavaThread "pool-1-thread-39" [_thread_blocked, id=6616, stack(0x0000002321800000,0x0000002321900000)]

Other Threads:
  0x00000157e9791c30 VMThread "VM Thread" [stack: 0x000000231f600000,0x000000231f700000] [id=10592]
  0x00000157e9a93000 WatcherThread [stack: 0x0000002320200000,0x0000002320300000] [id=4044]
  0x00000157d0681770 GCTaskThread "GC Thread#0" [stack: 0x000000231f500000,0x000000231f600000] [id=12912]
  0x00000157eab31960 GCTaskThread "GC Thread#1" [stack: 0x0000002320400000,0x0000002320500000] [id=17620]
  0x00000157eacaa740 GCTaskThread "GC Thread#2" [stack: 0x0000002320500000,0x0000002320600000] [id=16256]
=>0x00000157eacdac10 GCTaskThread "GC Thread#3" [stack: 0x0000002320600000,0x0000002320700000] [id=12808]
  0x00000157eacdaec0 GCTaskThread "GC Thread#4" [stack: 0x0000002320700000,0x0000002320800000] [id=18708]
  0x00000157eacdb170 GCTaskThread "GC Thread#5" [stack: 0x0000002320800000,0x0000002320900000] [id=15848]
  0x00000157eae749e0 GCTaskThread "GC Thread#6" [stack: 0x0000002320900000,0x0000002320a00000] [id=8692]
  0x00000157eb0e9830 GCTaskThread "GC Thread#7" [stack: 0x0000002320e00000,0x0000002320f00000] [id=8340]

Threads with active compile tasks:

VM state: at safepoint (normal execution)

VM Mutex/Monitor currently owned by a thread:  ([mutex/lock_event])
[0x00000157d0667e50] Threads_lock - owner thread: 0x00000157e9791c30
[0x00000157d0668360] Heap_lock - owner thread: 0x00000157f07c7250

Heap address: 0x00000000c0000000, size: 1024 MB, Compressed Oops mode: 32-bit

CDS archive(s) not mapped
Compressed class space mapped at: 0x0000000100000000-0x0000000140000000, reserved size: 1073741824
Narrow klass base: 0x0000000000000000, Narrow klass shift: 3, Narrow klass range: 0x140000000

GC Precious Log:
 CPUs: 8 total, 8 available
 Memory: 15931M
 Large Page Support: Disabled
 NUMA Support: Disabled
 Compressed Oops: Enabled (32-bit)
 Alignments: Space 512K, Generation 512K, Heap 2M
 Heap Min Capacity: 100M
 Heap Initial Capacity: 100M
 Heap Max Capacity: 1G
 Pre-touch: Disabled
 Parallel Workers: 8

Heap:
 PSYoungGen      total 3072K, used 288K [0x00000000eab00000, 0x00000000eb200000, 0x0000000100000000)
  eden space 2560K, 0% used [0x00000000eab00000,0x00000000eab00000,0x00000000ead80000)
  from space 512K, 56% used [0x00000000eb180000,0x00000000eb1c8000,0x00000000eb200000)
  to   space 1536K, 0% used [0x00000000eaf00000,0x00000000eaf00000,0x00000000eb080000)
 ParOldGen       total 254976K, used 253371K [0x00000000c0000000, 0x00000000cf900000, 0x00000000eab00000)
  object space 254976K, 99% used [0x00000000c0000000,0x00000000cf76ef10,0x00000000cf900000)
 Metaspace       used 96494K, committed 97664K, reserved 1179648K
  class space    used 9339K, committed 9792K, reserved 1048576K

Card table byte_map: [0x00000157d0010000,0x00000157d0220000] _byte_map_base: 0x00000157cfa10000

Marking Bits: (ParMarkBitMap*) 0x00007ffd517f52c0
 Begin Bits: [0x00000157e22f0000, 0x00000157e32f0000)
 End Bits:   [0x00000157e32f0000, 0x00000157e42f0000)

Polling page: 0x00000157ce630000

Metaspace:

Usage:
  Non-class:     85.11 MB used.
      Class:      9.12 MB used.
       Both:     94.23 MB used.

Virtual space:
  Non-class space:      128.00 MB reserved,      85.81 MB ( 67%) committed,  2 nodes.
      Class space:        1.00 GB reserved,       9.56 MB ( <1%) committed,  1 nodes.
             Both:        1.12 GB reserved,      95.38 MB (  8%) committed. 

Chunk freelists:
   Non-Class:  9.42 MB
       Class:  6.38 MB
        Both:  15.81 MB

MaxMetaspaceSize: unlimited
CompressedClassSpaceSize: 1.00 GB
Initial GC threshold: 21.00 MB
Current GC threshold: 158.88 MB
CDS: off
MetaspaceReclaimPolicy: balanced
 - commit_granule_bytes: 65536.
 - commit_granule_words: 8192.
 - virtual_space_node_default_size: 8388608.
 - enlarge_chunks_in_place: 1.
 - new_chunks_are_fully_committed: 0.
 - uncommit_free_chunks: 1.
 - use_allocation_guard: 0.
 - handle_deallocations: 1.


Internal statistics:

num_allocs_failed_limit: 9.
num_arena_births: 1142.
num_arena_deaths: 478.
num_vsnodes_births: 3.
num_vsnodes_deaths: 0.
num_space_committed: 1528.
num_space_uncommitted: 2.
num_chunks_returned_to_freelist: 597.
num_chunks_taken_from_freelist: 5451.
num_chunk_merges: 190.
num_chunk_splits: 3150.
num_chunks_enlarged: 1745.
num_inconsistent_stats: 0.

CodeHeap 'non-profiled nmethods': size=120000Kb used=39318Kb max_used=39318Kb free=80681Kb
 bounds [0x00000157dadc0000, 0x00000157dd430000, 0x00000157e22f0000]
CodeHeap 'profiled nmethods': size=120000Kb used=42243Kb max_used=42684Kb free=77756Kb
 bounds [0x00000157d32f0000, 0x00000157d5d20000, 0x00000157da820000]
CodeHeap 'non-nmethods': size=5760Kb used=1464Kb max_used=1558Kb free=4295Kb
 bounds [0x00000157da820000, 0x00000157daa90000, 0x00000157dadc0000]
 total_blobs=22650 nmethods=21853 adapters=705
 compilation: enabled
              stopped_count=0, restarted_count=0
 full_count=0

Compilation events (20 events):
Event: 177050.177 Thread 0x00000157e44eb480 35613       4       org.eclipse.jdt.ls.core.internal.contentassist.TypeFilter$$Lambda$866/0x00000001008ea530::test (12 bytes)
Event: 177050.182 Thread 0x00000157e44eb480 nmethod 35613 0x00000157dd41b290 code [0x00000157dd41b440, 0x00000157dd41b688]
Event: 177052.615 Thread 0x00000157e97d2b60 35614       1       org.eclipse.jdt.core.dom.RecoveredTypeBinding::isGenericType (2 bytes)
Event: 177052.615 Thread 0x00000157e97d2b60 nmethod 35614 0x00000157dd41ba90 code [0x00000157dd41bc20, 0x00000157dd41bcf8]
Event: 177059.319 Thread 0x00000157e44eb480 35615       4       org.eclipse.jdt.internal.compiler.SourceElementParser::<init> (13 bytes)
Event: 177059.319 Thread 0x00000157e44eb480 nmethod 35615 0x00000157dd41bd90 code [0x00000157dd41bf20, 0x00000157dd41bfc8]
Event: 177059.530 Thread 0x00000157e44eb480 35616   !   4       org.eclipse.jdt.internal.codeassist.complete.CompletionScanner::getNextToken0 (4442 bytes)
Event: 177059.725 Thread 0x00000157e44eb480 nmethod 35616 0x00000157dd41c090 code [0x00000157dd41cb20, 0x00000157dd421390]
Event: 177059.737 Thread 0x00000157e97d2b60 35617       3       com.google.gson.internal.$Gson$Types$GenericArrayTypeImpl::hashCode (8 bytes)
Event: 177059.738 Thread 0x00000157e97d2b60 nmethod 35617 0x00000157d5adbf10 code [0x00000157d5adc0c0, 0x00000157d5adc288]
Event: 177063.155 Thread 0x00000157e44eb480 35618       4       org.eclipse.jdt.internal.compiler.lookup.ClassScope::checkParameterizedSuperTypeCollisions (427 bytes)
Event: 177063.172 Thread 0x00000157e44eb480 nmethod 35618 0x00000157dd423910 code [0x00000157dd423ba0, 0x00000157dd424b28]
Event: 177063.173 Thread 0x00000157e97d2b60 35619       3       org.eclipse.jdt.core.dom.ASTConverter::isPrimitiveType (433 bytes)
Event: 177063.173 Thread 0x00000157e97d2b60 nmethod 35619 0x00000157d4a9d110 code [0x00000157d4a9d3c0, 0x00000157d4a9e778]
Event: 177063.410 Thread 0x00000157e97d2b60 35620       3       org.eclipse.jdt.internal.corext.dom.ASTNodes::getQualifier (21 bytes)
Event: 177063.410 Thread 0x00000157e97d2b60 nmethod 35620 0x00000157d4882e10 code [0x00000157d4882fe0, 0x00000157d48833f8]
Event: 177063.410 Thread 0x00000157e97d2b60 35621       3       org.eclipse.jdt.ls.core.internal.corrections.proposals.NewCUProposal::setDisplayName (615 bytes)
Event: 177063.413 Thread 0x00000157e97d2b60 nmethod 35621 0x00000157d5089f10 code [0x00000157d508a920, 0x00000157d50916f8]
Event: 177063.615 Thread 0x00000157e97d2b60 35622       3       com.google.gson.internal.bind.ArrayTypeAdapter::write (58 bytes)
Event: 177063.616 Thread 0x00000157e97d2b60 nmethod 35622 0x00000157d37dea90 code [0x00000157d37deca0, 0x00000157d37df238]

GC Heap History (20 events):
Event: 177064.759 GC heap after
{Heap after GC invocations=20157 (full 390):
 PSYoungGen      total 3072K, used 912K [0x00000000eab00000, 0x00000000eb100000, 0x0000000100000000)
  eden space 2048K, 0% used [0x00000000eab00000,0x00000000eab00000,0x00000000ead00000)
  from space 1024K, 89% used [0x00000000ead00000,0x00000000eade4010,0x00000000eae00000)
  to   space 2048K, 0% used [0x00000000eaf00000,0x00000000eaf00000,0x00000000eb100000)
 ParOldGen       total 254976K, used 240615K [0x00000000c0000000, 0x00000000cf900000, 0x00000000eab00000)
  object space 254976K, 94% used [0x00000000c0000000,0x00000000ceaf9cf8,0x00000000cf900000)
 Metaspace       used 96494K, committed 97664K, reserved 1179648K
  class space    used 9339K, committed 9792K, reserved 1048576K
}
Event: 177064.763 GC heap before
{Heap before GC invocations=20158 (full 390):
 PSYoungGen      total 3072K, used 2960K [0x00000000eab00000, 0x00000000eb100000, 0x0000000100000000)
  eden space 2048K, 100% used [0x00000000eab00000,0x00000000ead00000,0x00000000ead00000)
  from space 1024K, 89% used [0x00000000ead00000,0x00000000eade4010,0x00000000eae00000)
  to   space 2048K, 0% used [0x00000000eaf00000,0x00000000eaf00000,0x00000000eb100000)
 ParOldGen       total 254976K, used 240615K [0x00000000c0000000, 0x00000000cf900000, 0x00000000eab00000)
  object space 254976K, 94% used [0x00000000c0000000,0x00000000ceaf9cf8,0x00000000cf900000)
 Metaspace       used 96494K, committed 97664K, reserved 1179648K
  class space    used 9339K, committed 9792K, reserved 1048576K
}
Event: 177064.765 GC heap after
{Heap after GC invocations=20158 (full 390):
 PSYoungGen      total 3584K, used 544K [0x00000000eab00000, 0x00000000eb000000, 0x0000000100000000)
  eden space 2560K, 0% used [0x00000000eab00000,0x00000000eab00000,0x00000000ead80000)
  from space 1024K, 53% used [0x00000000eaf00000,0x00000000eaf88000,0x00000000eb000000)
  to   space 1024K, 0% used [0x00000000eae00000,0x00000000eae00000,0x00000000eaf00000)
 ParOldGen       total 254976K, used 241367K [0x00000000c0000000, 0x00000000cf900000, 0x00000000eab00000)
  object space 254976K, 94% used [0x00000000c0000000,0x00000000cebb5cf8,0x00000000cf900000)
 Metaspace       used 96494K, committed 97664K, reserved 1179648K
  class space    used 9339K, committed 9792K, reserved 1048576K
}
Event: 177064.944 GC heap before
{Heap before GC invocations=20159 (full 390):
 PSYoungGen      total 3584K, used 3104K [0x00000000eab00000, 0x00000000eb000000, 0x0000000100000000)
  eden space 2560K, 100% used [0x00000000eab00000,0x00000000ead80000,0x00000000ead80000)
  from space 1024K, 53% used [0x00000000eaf00000,0x00000000eaf88000,0x00000000eb000000)
  to   space 1024K, 0% used [0x00000000eae00000,0x00000000eae00000,0x00000000eaf00000)
 ParOldGen       total 254976K, used 241367K [0x00000000c0000000, 0x00000000cf900000, 0x00000000eab00000)
  object space 254976K, 94% used [0x00000000c0000000,0x00000000cebb5cf8,0x00000000cf900000)
 Metaspace       used 96494K, committed 97664K, reserved 1179648K
  class space    used 9339K, committed 9792K, reserved 1048576K
}
Event: 177064.946 GC heap after
{Heap after GC invocations=20159 (full 390):
 PSYoungGen      total 3584K, used 368K [0x00000000eab00000, 0x00000000eaf80000, 0x0000000100000000)
  eden space 2560K, 0% used [0x00000000eab00000,0x00000000eab00000,0x00000000ead80000)
  from space 1024K, 35% used [0x00000000eae00000,0x00000000eae5c010,0x00000000eaf00000)
  to   space 512K, 0% used [0x00000000eaf00000,0x00000000eaf00000,0x00000000eaf80000)
 ParOldGen       total 254976K, used 241788K [0x00000000c0000000, 0x00000000cf900000, 0x00000000eab00000)
  object space 254976K, 94% used [0x00000000c0000000,0x00000000cec1f198,0x00000000cf900000)
 Metaspace       used 96494K, committed 97664K, reserved 1179648K
  class space    used 9339K, committed 9792K, reserved 1048576K
}
Event: 177065.227 GC heap before
{Heap before GC invocations=20160 (full 390):
 PSYoungGen      total 3584K, used 2928K [0x00000000eab00000, 0x00000000eaf80000, 0x0000000100000000)
  eden space 2560K, 100% used [0x00000000eab00000,0x00000000ead80000,0x00000000ead80000)
  from space 1024K, 35% used [0x00000000eae00000,0x00000000eae5c010,0x00000000eaf00000)
  to   space 512K, 0% used [0x00000000eaf00000,0x00000000eaf00000,0x00000000eaf80000)
 ParOldGen       total 254976K, used 241788K [0x00000000c0000000, 0x00000000cf900000, 0x00000000eab00000)
  object space 254976K, 94% used [0x00000000c0000000,0x00000000cec1f198,0x00000000cf900000)
 Metaspace       used 96494K, committed 97664K, reserved 1179648K
  class space    used 9339K, committed 9792K, reserved 1048576K
}
Event: 177065.229 GC heap after
{Heap after GC invocations=20160 (full 390):
 PSYoungGen      total 3072K, used 512K [0x00000000eab00000, 0x00000000eb080000, 0x0000000100000000)
  eden space 2560K, 0% used [0x00000000eab00000,0x00000000eab00000,0x00000000ead80000)
  from space 512K, 100% used [0x00000000eaf00000,0x00000000eaf80000,0x00000000eaf80000)
  to   space 1536K, 0% used [0x00000000ead80000,0x00000000ead80000,0x00000000eaf00000)
 ParOldGen       total 254976K, used 242638K [0x00000000c0000000, 0x00000000cf900000, 0x00000000eab00000)
  object space 254976K, 95% used [0x00000000c0000000,0x00000000cecf3808,0x00000000cf900000)
 Metaspace       used 96494K, committed 97664K, reserved 1179648K
  class space    used 9339K, committed 9792K, reserved 1048576K
}
Event: 177065.237 GC heap before
{Heap before GC invocations=20161 (full 390):
 PSYoungGen      total 3072K, used 3072K [0x00000000eab00000, 0x00000000eb080000, 0x0000000100000000)
  eden space 2560K, 100% used [0x00000000eab00000,0x00000000ead80000,0x00000000ead80000)
  from space 512K, 100% used [0x00000000eaf00000,0x00000000eaf80000,0x00000000eaf80000)
  to   space 1536K, 0% used [0x00000000ead80000,0x00000000ead80000,0x00000000eaf00000)
 ParOldGen       total 254976K, used 242638K [0x00000000c0000000, 0x00000000cf900000, 0x00000000eab00000)
  object space 254976K, 95% used [0x00000000c0000000,0x00000000cecf3808,0x00000000cf900000)
 Metaspace       used 96494K, committed 97664K, reserved 1179648K
  class space    used 9339K, committed 9792K, reserved 1048576K
}
Event: 177065.239 GC heap after
{Heap after GC invocations=20161 (full 390):
 PSYoungGen      total 4096K, used 1536K [0x00000000eab00000, 0x00000000eb480000, 0x0000000100000000)
  eden space 2560K, 0% used [0x00000000eab00000,0x00000000eab00000,0x00000000ead80000)
  from space 1536K, 100% used [0x00000000ead80000,0x00000000eaf00000,0x00000000eaf00000)
  to   space 3584K, 0% used [0x00000000eb100000,0x00000000eb100000,0x00000000eb480000)
 ParOldGen       total 254976K, used 243891K [0x00000000c0000000, 0x00000000cf900000, 0x00000000eab00000)
  object space 254976K, 95% used [0x00000000c0000000,0x00000000cee2cc88,0x00000000cf900000)
 Metaspace       used 96494K, committed 97664K, reserved 1179648K
  class space    used 9339K, committed 9792K, reserved 1048576K
}
Event: 177065.674 GC heap before
{Heap before GC invocations=20162 (full 390):
 PSYoungGen      total 4096K, used 3809K [0x00000000eab00000, 0x00000000eb480000, 0x0000000100000000)
  eden space 2560K, 88% used [0x00000000eab00000,0x00000000ead386d0,0x00000000ead80000)
  from space 1536K, 100% used [0x00000000ead80000,0x00000000eaf00000,0x00000000eaf00000)
  to   space 3584K, 0% used [0x00000000eb100000,0x00000000eb100000,0x00000000eb480000)
 ParOldGen       total 254976K, used 245339K [0x00000000c0000000, 0x00000000cf900000, 0x00000000eab00000)
  object space 254976K, 96% used [0x00000000c0000000,0x00000000cef96c68,0x00000000cf900000)
 Metaspace       used 96494K, committed 97664K, reserved 1179648K
  class space    used 9339K, committed 9792K, reserved 1048576K
}
Event: 177065.680 GC heap after
{Heap after GC invocations=20162 (full 390):
 PSYoungGen      total 4608K, used 1828K [0x00000000eab00000, 0x00000000eb300000, 0x0000000100000000)
  eden space 2560K, 0% used [0x00000000eab00000,0x00000000eab00000,0x00000000ead80000)
  from space 2048K, 89% used [0x00000000eb100000,0x00000000eb2c9188,0x00000000eb300000)
  to   space 2560K, 0% used [0x00000000eae00000,0x00000000eae00000,0x00000000eb080000)
 ParOldGen       total 254976K, used 246859K [0x00000000c0000000, 0x00000000cf900000, 0x00000000eab00000)
  object space 254976K, 96% used [0x00000000c0000000,0x00000000cf112c68,0x00000000cf900000)
 Metaspace       used 96494K, committed 97664K, reserved 1179648K
  class space    used 9339K, committed 9792K, reserved 1048576K
}
Event: 177066.551 GC heap before
{Heap before GC invocations=20163 (full 390):
 PSYoungGen      total 4608K, used 4388K [0x00000000eab00000, 0x00000000eb300000, 0x0000000100000000)
  eden space 2560K, 100% used [0x00000000eab00000,0x00000000ead80000,0x00000000ead80000)
  from space 2048K, 89% used [0x00000000eb100000,0x00000000eb2c9188,0x00000000eb300000)
  to   space 2560K, 0% used [0x00000000eae00000,0x00000000eae00000,0x00000000eb080000)
 ParOldGen       total 254976K, used 248307K [0x00000000c0000000, 0x00000000cf900000, 0x00000000eab00000)
  object space 254976K, 97% used [0x00000000c0000000,0x00000000cf27cc48,0x00000000cf900000)
 Metaspace       used 96494K, committed 97664K, reserved 1179648K
  class space    used 9339K, committed 9792K, reserved 1048576K
}
Event: 177066.553 GC heap after
{Heap after GC invocations=20163 (full 390):
 PSYoungGen      total 5120K, used 263K [0x00000000eab00000, 0x00000000eb180000, 0x0000000100000000)
  eden space 2560K, 0% used [0x00000000eab00000,0x00000000eab00000,0x00000000ead80000)
  from space 2560K, 10% used [0x00000000eae00000,0x00000000eae41c78,0x00000000eb080000)
  to   space 1024K, 0% used [0x00000000eb080000,0x00000000eb080000,0x00000000eb180000)
 ParOldGen       total 254976K, used 249299K [0x00000000c0000000, 0x00000000cf900000, 0x00000000eab00000)
  object space 254976K, 97% used [0x00000000c0000000,0x00000000cf374c48,0x00000000cf900000)
 Metaspace       used 96494K, committed 97664K, reserved 1179648K
  class space    used 9339K, committed 9792K, reserved 1048576K
}
Event: 177066.574 GC heap before
{Heap before GC invocations=20164 (full 390):
 PSYoungGen      total 5120K, used 2823K [0x00000000eab00000, 0x00000000eb180000, 0x0000000100000000)
  eden space 2560K, 100% used [0x00000000eab00000,0x00000000ead80000,0x00000000ead80000)
  from space 2560K, 10% used [0x00000000eae00000,0x00000000eae41c78,0x00000000eb080000)
  to   space 1024K, 0% used [0x00000000eb080000,0x00000000eb080000,0x00000000eb180000)
 ParOldGen       total 254976K, used 249299K [0x00000000c0000000, 0x00000000cf900000, 0x00000000eab00000)
  object space 254976K, 97% used [0x00000000c0000000,0x00000000cf374c48,0x00000000cf900000)
 Metaspace       used 96494K, committed 97664K, reserved 1179648K
  class space    used 9339K, committed 9792K, reserved 1048576K
}
Event: 177066.575 GC heap after
{Heap after GC invocations=20164 (full 390):
 PSYoungGen      total 3584K, used 993K [0x00000000eab00000, 0x00000000eb180000, 0x0000000100000000)
  eden space 2560K, 0% used [0x00000000eab00000,0x00000000eab00000,0x00000000ead80000)
  from space 1024K, 97% used [0x00000000eb080000,0x00000000eb178608,0x00000000eb180000)
  to   space 2048K, 0% used [0x00000000ead80000,0x00000000ead80000,0x00000000eaf80000)
 ParOldGen       total 254976K, used 249787K [0x00000000c0000000, 0x00000000cf900000, 0x00000000eab00000)
  object space 254976K, 97% used [0x00000000c0000000,0x00000000cf3eeec8,0x00000000cf900000)
 Metaspace       used 96494K, committed 97664K, reserved 1179648K
  class space    used 9339K, committed 9792K, reserved 1048576K
}
Event: 177066.580 GC heap before
{Heap before GC invocations=20165 (full 390):
 PSYoungGen      total 3584K, used 3553K [0x00000000eab00000, 0x00000000eb180000, 0x0000000100000000)
  eden space 2560K, 100% used [0x00000000eab00000,0x00000000ead80000,0x00000000ead80000)
  from space 1024K, 97% used [0x00000000eb080000,0x00000000eb178608,0x00000000eb180000)
  to   space 2048K, 0% used [0x00000000ead80000,0x00000000ead80000,0x00000000eaf80000)
 ParOldGen       total 254976K, used 249787K [0x00000000c0000000, 0x00000000cf900000, 0x00000000eab00000)
  object space 254976K, 97% used [0x00000000c0000000,0x00000000cf3eeec8,0x00000000cf900000)
 Metaspace       used 96494K, committed 97664K, reserved 1179648K
  class space    used 9339K, committed 9792K, reserved 1048576K
}
Event: 177066.582 GC heap after
{Heap after GC invocations=20165 (full 390):
 PSYoungGen      total 4608K, used 2048K [0x00000000eab00000, 0x00000000eb580000, 0x0000000100000000)
  eden space 2560K, 0% used [0x00000000eab00000,0x00000000eab00000,0x00000000ead80000)
  from space 2048K, 100% used [0x00000000ead80000,0x00000000eaf80000,0x00000000eaf80000)
  to   space 4096K, 0% used [0x00000000eb180000,0x00000000eb180000,0x00000000eb580000)
 ParOldGen       total 254976K, used 251275K [0x00000000c0000000, 0x00000000cf900000, 0x00000000eab00000)
  object space 254976K, 98% used [0x00000000c0000000,0x00000000cf562f10,0x00000000cf900000)
 Metaspace       used 96494K, committed 97664K, reserved 1179648K
  class space    used 9339K, committed 9792K, reserved 1048576K
}
Event: 177066.828 GC heap before
{Heap before GC invocations=20166 (full 390):
 PSYoungGen      total 4608K, used 4606K [0x00000000eab00000, 0x00000000eb580000, 0x0000000100000000)
  eden space 2560K, 99% used [0x00000000eab00000,0x00000000ead7f858,0x00000000ead80000)
  from space 2048K, 100% used [0x00000000ead80000,0x00000000eaf80000,0x00000000eaf80000)
  to   space 4096K, 0% used [0x00000000eb180000,0x00000000eb180000,0x00000000eb580000)
 ParOldGen       total 254976K, used 251275K [0x00000000c0000000, 0x00000000cf900000, 0x00000000eab00000)
  object space 254976K, 98% used [0x00000000c0000000,0x00000000cf562f10,0x00000000cf900000)
 Metaspace       used 96494K, committed 97664K, reserved 1179648K
  class space    used 9339K, committed 9792K, reserved 1048576K
}
Event: 177066.835 GC heap after
{Heap after GC invocations=20166 (full 390):
 PSYoungGen      total 3072K, used 288K [0x00000000eab00000, 0x00000000eb200000, 0x0000000100000000)
  eden space 2560K, 0% used [0x00000000eab00000,0x00000000eab00000,0x00000000ead80000)
  from space 512K, 56% used [0x00000000eb180000,0x00000000eb1c8000,0x00000000eb200000)
  to   space 1536K, 0% used [0x00000000eaf00000,0x00000000eaf00000,0x00000000eb080000)
 ParOldGen       total 254976K, used 253371K [0x00000000c0000000, 0x00000000cf900000, 0x00000000eab00000)
  object space 254976K, 99% used [0x00000000c0000000,0x00000000cf76ef10,0x00000000cf900000)
 Metaspace       used 96494K, committed 97664K, reserved 1179648K
  class space    used 9339K, committed 9792K, reserved 1048576K
}
Event: 177066.835 GC heap before
{Heap before GC invocations=20167 (full 391):
 PSYoungGen      total 3072K, used 288K [0x00000000eab00000, 0x00000000eb200000, 0x0000000100000000)
  eden space 2560K, 0% used [0x00000000eab00000,0x00000000eab00000,0x00000000ead80000)
  from space 512K, 56% used [0x00000000eb180000,0x00000000eb1c8000,0x00000000eb200000)
  to   space 1536K, 0% used [0x00000000eaf00000,0x00000000eaf00000,0x00000000eb080000)
 ParOldGen       total 254976K, used 253371K [0x00000000c0000000, 0x00000000cf900000, 0x00000000eab00000)
  object space 254976K, 99% used [0x00000000c0000000,0x00000000cf76ef10,0x00000000cf900000)
 Metaspace       used 96494K, committed 97664K, reserved 1179648K
  class space    used 9339K, committed 9792K, reserved 1048576K
}

Dll operation events (13 events):
Event: 0.007 Loaded shared library c:\Users\kiit\.vscode\extensions\redhat.java-1.21.0-win32-x64\jre\17.0.7-win32-x86_64\bin\java.dll
Event: 0.194 Loaded shared library c:\Users\kiit\.vscode\extensions\redhat.java-1.21.0-win32-x64\jre\17.0.7-win32-x86_64\bin\zip.dll
Event: 0.196 Loaded shared library C:\Users\kiit\.vscode\extensions\redhat.java-1.21.0-win32-x64\jre\17.0.7-win32-x86_64\bin\instrument.dll
Event: 0.210 Loaded shared library C:\Users\kiit\.vscode\extensions\redhat.java-1.21.0-win32-x64\jre\17.0.7-win32-x86_64\bin\net.dll
Event: 0.212 Loaded shared library C:\Users\kiit\.vscode\extensions\redhat.java-1.21.0-win32-x64\jre\17.0.7-win32-x86_64\bin\nio.dll
Event: 0.218 Loaded shared library C:\Users\kiit\.vscode\extensions\redhat.java-1.21.0-win32-x64\jre\17.0.7-win32-x86_64\bin\zip.dll
Event: 0.230 Loaded shared library C:\Users\kiit\.vscode\extensions\redhat.java-1.21.0-win32-x64\jre\17.0.7-win32-x86_64\bin\jimage.dll
Event: 0.279 Loaded shared library c:\Users\kiit\.vscode\extensions\redhat.java-1.21.0-win32-x64\jre\17.0.7-win32-x86_64\bin\verify.dll
Event: 4.694 Loaded shared library C:\Users\kiit\AppData\Roaming\Code\User\globalStorage\redhat.java\1.21.0\config_win\org.eclipse.equinox.launcher\org.eclipse.equinox.launcher.win32.win32.x86_64_1.2.700.v20221108-1024\eclipse_11801.dll
Event: 6.800 Loaded shared library C:\Users\kiit\.vscode\extensions\redhat.java-1.21.0-win32-x64\jre\17.0.7-win32-x86_64\bin\management.dll
Event: 6.804 Loaded shared library C:\Users\kiit\.vscode\extensions\redhat.java-1.21.0-win32-x64\jre\17.0.7-win32-x86_64\bin\management_ext.dll
Event: 10.298 Loaded shared library C:\Users\kiit\AppData\Local\Temp\jna-3291913\jna9375816011522560968.dll
Event: 11.386 Loaded shared library C:\Users\kiit\.vscode\extensions\redhat.java-1.21.0-win32-x64\jre\17.0.7-win32-x86_64\bin\sunmscapi.dll

Deoptimization events (20 events):
Event: 176930.262 Thread 0x00000157ead167e0 DEOPT PACKING pc=0x00000157d4cd01e7 sp=0x00000023211feac0
Event: 176930.262 Thread 0x00000157ead167e0 DEOPT UNPACKING pc=0x00000157da87a9e3 sp=0x00000023211fdfd0 mode 0
Event: 176932.992 Thread 0x00000157ead16310 DEOPT PACKING pc=0x00000157d4cd0321 sp=0x00000023214fe3b0
Event: 176932.992 Thread 0x00000157ead16310 DEOPT UNPACKING pc=0x00000157da87a9e3 sp=0x00000023214fd8c0 mode 0
Event: 176944.887 Thread 0x00000157ead19cd0 DEOPT PACKING pc=0x00000157d4d84c45 sp=0x00000023213fdf20
Event: 176944.887 Thread 0x00000157ead19cd0 DEOPT UNPACKING pc=0x00000157da87a9e3 sp=0x00000023213fd460 mode 0
Event: 176952.808 Thread 0x00000157ead167e0 DEOPT PACKING pc=0x00000157d4cd0246 sp=0x00000023211fe6e0
Event: 176952.808 Thread 0x00000157ead167e0 DEOPT UNPACKING pc=0x00000157da87a9e3 sp=0x00000023211fdbf0 mode 0
Event: 176980.648 Thread 0x00000157f07c8a60 DEOPT PACKING pc=0x00000157d4cd0246 sp=0x0000002321efea10
Event: 176980.648 Thread 0x00000157f07c8a60 DEOPT UNPACKING pc=0x00000157da87a9e3 sp=0x0000002321efdf20 mode 0
Event: 176984.736 Thread 0x00000157ead1b9b0 DEOPT PACKING pc=0x00000157d4cd0246 sp=0x0000002321dfe770
Event: 176984.737 Thread 0x00000157ead1b9b0 DEOPT UNPACKING pc=0x00000157da87a9e3 sp=0x0000002321dfdc80 mode 0
Event: 177003.295 Thread 0x00000157f019aa30 Uncommon trap: trap_request=0xffffff45 fr.pc=0x00000157dca52e34 relative=0x0000000000002134
Event: 177003.295 Thread 0x00000157f019aa30 Uncommon trap: reason=unstable_if action=reinterpret pc=0x00000157dca52e34 method=org.eclipse.jdt.internal.codeassist.complete.CompletionScanner.getNextToken0()I @ 3401 c2
Event: 177003.295 Thread 0x00000157f019aa30 DEOPT PACKING pc=0x00000157dca52e34 sp=0x000000231f2fe3f0
Event: 177003.295 Thread 0x00000157f019aa30 DEOPT UNPACKING pc=0x00000157da879ea3 sp=0x000000231f2fe380 mode 2
Event: 177058.382 Thread 0x00000157e98d47f0 Uncommon trap: trap_request=0xffffff45 fr.pc=0x00000157db5f10d8 relative=0x00000000000006b8
Event: 177058.382 Thread 0x00000157e98d47f0 Uncommon trap: reason=unstable_if action=reinterpret pc=0x00000157db5f10d8 method=org.eclipse.jdt.core.dom.ASTConverter.isPrimitiveType([C)Z @ 358 c2
Event: 177058.382 Thread 0x00000157e98d47f0 DEOPT PACKING pc=0x00000157db5f10d8 sp=0x0000002321bfde70
Event: 177058.382 Thread 0x00000157e98d47f0 DEOPT UNPACKING pc=0x00000157da879ea3 sp=0x0000002321bfddf8 mode 2

Classes unloaded (20 events):
Event: 100564.041 Thread 0x00000157e9791c30 Unloading class 0x0000000100938000 'jdk/internal/reflect/GeneratedSerializationConstructorAccessor21'
Event: 100564.041 Thread 0x00000157e9791c30 Unloading class 0x000000010099c800 'jdk/internal/reflect/GeneratedSerializationConstructorAccessor20'
Event: 100564.041 Thread 0x00000157e9791c30 Unloading class 0x000000010099ec00 'jdk/internal/reflect/GeneratedSerializationConstructorAccessor19'
Event: 100564.041 Thread 0x00000157e9791c30 Unloading class 0x0000000100999400 'jdk/internal/reflect/GeneratedConstructorAccessor84'
Event: 163564.686 Thread 0x00000157e9791c30 Unloading class 0x0000000100936400 'jdk/internal/reflect/GeneratedMethodAccessor54'
Event: 163564.686 Thread 0x00000157e9791c30 Unloading class 0x0000000100937000 'jdk/internal/reflect/GeneratedConstructorAccessor85'
Event: 163564.686 Thread 0x00000157e9791c30 Unloading class 0x0000000100999400 'jdk/internal/reflect/GeneratedSerializationConstructorAccessor24'
Event: 163564.686 Thread 0x00000157e9791c30 Unloading class 0x000000010099ec00 'jdk/internal/reflect/GeneratedSerializationConstructorAccessor23'
Event: 163564.686 Thread 0x00000157e9791c30 Unloading class 0x000000010099c800 'jdk/internal/reflect/GeneratedSerializationConstructorAccessor22'
Event: 175219.911 Thread 0x00000157e9791c30 Unloading class 0x000000010099c800 'jdk/internal/reflect/GeneratedConstructorAccessor87'
Event: 175219.911 Thread 0x00000157e9791c30 Unloading class 0x000000010099ec00 'jdk/internal/reflect/GeneratedConstructorAccessor86'
Event: 175219.911 Thread 0x00000157e9791c30 Unloading class 0x0000000100999400 'jdk/internal/reflect/GeneratedSerializationConstructorAccessor27'
Event: 175219.911 Thread 0x00000157e9791c30 Unloading class 0x0000000100937000 'jdk/internal/reflect/GeneratedSerializationConstructorAccessor26'
Event: 175219.911 Thread 0x00000157e9791c30 Unloading class 0x0000000100936400 'jdk/internal/reflect/GeneratedSerializationConstructorAccessor25'
Event: 175219.911 Thread 0x00000157e9791c30 Unloading class 0x00000001009a0400 'jdk/internal/reflect/GeneratedConstructorAccessor82'
Event: 175219.911 Thread 0x00000157e9791c30 Unloading class 0x00000001009a0000 'jdk/internal/reflect/GeneratedConstructorAccessor81'
Event: 175219.911 Thread 0x00000157e9791c30 Unloading class 0x000000010099e800 'jdk/internal/reflect/GeneratedConstructorAccessor80'
Event: 176245.699 Thread 0x00000157e9791c30 Unloading class 0x0000000100934400 'java/lang/invoke/LambdaForm$MH+0x0000000100934400'
Event: 176245.699 Thread 0x00000157e9791c30 Unloading class 0x0000000100936400 'java/lang/invoke/LambdaForm$MH+0x0000000100936400'
Event: 176245.699 Thread 0x00000157e9791c30 Unloading class 0x0000000100937000 'java/lang/invoke/LambdaForm$MH+0x0000000100937000'

Classes redefined (0 events):
No events

Internal exceptions (20 events):
Event: 177057.718 Thread 0x00000157e98d47f0 Exception <a 'java/lang/ArrayIndexOutOfBoundsException'{0x00000000eadafae8}> (0x00000000eadafae8) 
thrown [s\src\hotspot\share\runtime\sharedRuntime.cpp, line 628]
Event: 177057.718 Thread 0x00000157e98d47f0 Exception <a 'java/lang/ArrayIndexOutOfBoundsException'{0x00000000eadb0180}> (0x00000000eadb0180) 
thrown [s\src\hotspot\share\runtime\sharedRuntime.cpp, line 628]
Event: 177057.859 Thread 0x00000157e98d47f0 Exception <a 'java/lang/ArrayIndexOutOfBoundsException'{0x00000000eacc9ba8}> (0x00000000eacc9ba8) 
thrown [s\src\hotspot\share\runtime\sharedRuntime.cpp, line 628]
Event: 177057.861 Thread 0x00000157e98d47f0 Exception <a 'java/lang/ArrayIndexOutOfBoundsException'{0x00000000ead54488}> (0x00000000ead54488) 
thrown [s\src\hotspot\share\runtime\sharedRuntime.cpp, line 628]
Event: 177057.861 Thread 0x00000157e98d47f0 Exception <a 'java/lang/ArrayIndexOutOfBoundsException'{0x00000000ead58c50}> (0x00000000ead58c50) 
thrown [s\src\hotspot\share\runtime\sharedRuntime.cpp, line 628]
Event: 177057.861 Thread 0x00000157e98d47f0 Exception <a 'java/lang/ArrayIndexOutOfBoundsException'{0x00000000ead592e8}> (0x00000000ead592e8) 
thrown [s\src\hotspot\share\runtime\sharedRuntime.cpp, line 628]
Event: 177058.044 Thread 0x00000157e98d47f0 Exception <a 'java/lang/ArrayIndexOutOfBoundsException'{0x00000000eac7d198}> (0x00000000eac7d198) 
thrown [s\src\hotspot\share\runtime\sharedRuntime.cpp, line 628]
Event: 177058.045 Thread 0x00000157e98d47f0 Exception <a 'java/lang/ArrayIndexOutOfBoundsException'{0x00000000ead05568}> (0x00000000ead05568) 
thrown [s\src\hotspot\share\runtime\sharedRuntime.cpp, line 628]
Event: 177058.045 Thread 0x00000157e98d47f0 Exception <a 'java/lang/ArrayIndexOutOfBoundsException'{0x00000000ead09d40}> (0x00000000ead09d40) 
thrown [s\src\hotspot\share\runtime\sharedRuntime.cpp, line 628]
Event: 177058.045 Thread 0x00000157e98d47f0 Exception <a 'java/lang/ArrayIndexOutOfBoundsException'{0x00000000ead0a3d8}> (0x00000000ead0a3d8) 
thrown [s\src\hotspot\share\runtime\sharedRuntime.cpp, line 628]
Event: 177058.379 Thread 0x00000157e98d47f0 Exception <a 'java/lang/ArrayIndexOutOfBoundsException'{0x00000000eac5fe70}> (0x00000000eac5fe70) 
thrown [s\src\hotspot\share\runtime\sharedRuntime.cpp, line 628]
Event: 177058.617 Thread 0x00000157f07c7250 Exception <a 'java/lang/ArrayIndexOutOfBoundsException'{0x00000000eabc96f8}> (0x00000000eabc96f8) 
thrown [s\src\hotspot\share\runtime\sharedRuntime.cpp, line 628]
Event: 177059.108 Thread 0x00000157f07c7250 Exception <a 'java/lang/ArrayIndexOutOfBoundsException'{0x00000000ead2bc18}> (0x00000000ead2bc18) 
thrown [s\src\hotspot\share\runtime\sharedRuntime.cpp, line 628]
Event: 177059.530 Thread 0x00000157f07c7250 Exception <a 'java/lang/ArrayIndexOutOfBoundsException'{0x00000000ead96028}> (0x00000000ead96028) 
thrown [s\src\hotspot\share\runtime\sharedRuntime.cpp, line 628]
Event: 177063.220 Thread 0x00000157f07c63e0 Exception <a 'java/lang/ClassNotFoundException'{0x00000000eadf1008}: sun/net/www/protocol/jdt/Handler> (0x00000000eadf1008) 
thrown [s\src\hotspot\share\classfile\systemDictionary.cpp, line 256]
Event: 177063.220 Thread 0x00000157f07c63e0 Exception <a 'java/lang/ClassNotFoundException'{0x00000000eadf3638}: sun/net/www/protocol/jdt/Handler> (0x00000000eadf3638) 
thrown [s\src\hotspot\share\classfile\systemDictionary.cpp, line 256]
Event: 177063.220 Thread 0x00000157f07c63e0 Exception <a 'java/lang/ClassNotFoundException'{0x00000000eadf57f8}: sun/net/www/protocol/jdt/Handler> (0x00000000eadf57f8) 
thrown [s\src\hotspot\share\classfile\systemDictionary.cpp, line 256]
Event: 177064.540 Thread 0x00000157f07c63e0 Exception <a 'java/lang/ClassNotFoundException'{0x00000000eaddd870}: sun/net/www/protocol/jdt/Handler> (0x00000000eaddd870) 
thrown [s\src\hotspot\share\classfile\systemDictionary.cpp, line 256]
Event: 177064.540 Thread 0x00000157f07c63e0 Exception <a 'java/lang/ClassNotFoundException'{0x00000000eaddfea0}: sun/net/www/protocol/jdt/Handler> (0x00000000eaddfea0) 
thrown [s\src\hotspot\share\classfile\systemDictionary.cpp, line 256]
Event: 177064.540 Thread 0x00000157f07c63e0 Exception <a 'java/lang/ClassNotFoundException'{0x00000000eadf2338}: sun/net/www/protocol/jdt/Handler> (0x00000000eadf2338) 
thrown [s\src\hotspot\share\classfile\systemDictionary.cpp, line 256]

VM Operations (20 events):
Event: 177064.694 Executing VM operation: ParallelGCFailedAllocation done
Event: 177064.755 Executing VM operation: ParallelGCFailedAllocation
Event: 177064.759 Executing VM operation: ParallelGCFailedAllocation done
Event: 177064.763 Executing VM operation: ParallelGCFailedAllocation
Event: 177064.765 Executing VM operation: ParallelGCFailedAllocation done
Event: 177064.944 Executing VM operation: ParallelGCFailedAllocation
Event: 177064.946 Executing VM operation: ParallelGCFailedAllocation done
Event: 177065.227 Executing VM operation: ParallelGCFailedAllocation
Event: 177065.229 Executing VM operation: ParallelGCFailedAllocation done
Event: 177065.236 Executing VM operation: ParallelGCFailedAllocation
Event: 177065.239 Executing VM operation: ParallelGCFailedAllocation done
Event: 177065.674 Executing VM operation: ParallelGCFailedAllocation
Event: 177065.680 Executing VM operation: ParallelGCFailedAllocation done
Event: 177066.550 Executing VM operation: ParallelGCFailedAllocation
Event: 177066.553 Executing VM operation: ParallelGCFailedAllocation done
Event: 177066.573 Executing VM operation: ParallelGCFailedAllocation
Event: 177066.575 Executing VM operation: ParallelGCFailedAllocation done
Event: 177066.579 Executing VM operation: ParallelGCFailedAllocation
Event: 177066.582 Executing VM operation: ParallelGCFailedAllocation done
Event: 177066.828 Executing VM operation: ParallelGCFailedAllocation

Events (20 events):
Event: 176870.049 Thread 0x00000157f07c8a60 Thread added: 0x00000157f07c8a60
Event: 176870.049 Thread 0x00000157f07c8f30 Thread added: 0x00000157f07c8f30
Event: 176870.050 Thread 0x00000157f07c8f30 Thread exited: 0x00000157f07c8f30
Event: 176870.050 Thread 0x00000157f07c8a60 Thread exited: 0x00000157f07c8a60
Event: 176870.050 Thread 0x00000157f07c63e0 Thread exited: 0x00000157f07c63e0
Event: 176920.832 Thread 0x00000157f07c63e0 Thread added: 0x00000157f07c63e0
Event: 176920.838 Thread 0x00000157f07c63e0 Thread exited: 0x00000157f07c63e0
Event: 176926.866 Thread 0x00000157f07cba80 Thread exited: 0x00000157f07cba80
Event: 176931.448 Thread 0x00000157f07cba80 Thread added: 0x00000157f07cba80
Event: 176966.269 Thread 0x00000157f07c63e0 Thread added: 0x00000157f07c63e0
Event: 176966.273 Thread 0x00000157f07c63e0 Thread exited: 0x00000157f07c63e0
Event: 176978.586 Thread 0x00000157f07c8a60 Thread added: 0x00000157f07c8a60
Event: 176978.593 Thread 0x00000157f07c8f30 Thread added: 0x00000157f07c8f30
Event: 176978.596 Thread 0x00000157f07c8f30 Thread exited: 0x00000157f07c8f30
Event: 176991.477 Thread 0x00000157f07cba80 Thread exited: 0x00000157f07cba80
Event: 177005.770 Thread 0x00000157f07ca740 Thread added: 0x00000157f07ca740
Event: 177005.772 Thread 0x00000157f07ca740 Thread exited: 0x00000157f07ca740
Event: 177037.497 Thread 0x00000157f07c63e0 Thread added: 0x00000157f07c63e0
Event: 177037.502 Thread 0x00000157f07c63e0 Thread exited: 0x00000157f07c63e0
Event: 177063.200 Thread 0x00000157f07c63e0 Thread added: 0x00000157f07c63e0


Dynamic libraries:
0x00007ff724ef0000 - 0x00007ff724efe000 	c:\Users\kiit\.vscode\extensions\redhat.java-1.21.0-win32-x64\jre\17.0.7-win32-x86_64\bin\java.exe
0x00007ffe02990000 - 0x00007ffe02ba4000 	C:\WINDOWS\SYSTEM32\ntdll.dll
0x00007ffe01570000 - 0x00007ffe01634000 	C:\WINDOWS\System32\KERNEL32.DLL
0x00007ffdffd70000 - 0x00007ffe00114000 	C:\WINDOWS\System32\KERNELBASE.dll
0x00007ffe001c0000 - 0x00007ffe002d1000 	C:\WINDOWS\System32\ucrtbase.dll
0x00007ffd73f00000 - 0x00007ffd73f17000 	c:\Users\kiit\.vscode\extensions\redhat.java-1.21.0-win32-x64\jre\17.0.7-win32-x86_64\bin\jli.dll
0x00007ffdea090000 - 0x00007ffdea0a9000 	c:\Users\kiit\.vscode\extensions\redhat.java-1.21.0-win32-x64\jre\17.0.7-win32-x86_64\bin\VCRUNTIME140.dll
0x00007ffe00750000 - 0x00007ffe008fa000 	C:\WINDOWS\System32\USER32.dll
0x00007ffe00600000 - 0x00007ffe00626000 	C:\WINDOWS\System32\win32u.dll
0x00007ffdfefb0000 - 0x00007ffdff23f000 	C:\WINDOWS\WinSxS\amd64_microsoft.windows.common-controls_6595b64144ccf1df_6.0.22621.2070_none_2713e6537381f706\COMCTL32.dll
0x00007ffe02920000 - 0x00007ffe02949000 	C:\WINDOWS\System32\GDI32.dll
0x00007ffe01e90000 - 0x00007ffe01f37000 	C:\WINDOWS\System32\msvcrt.dll
0x00007ffe00630000 - 0x00007ffe00749000 	C:\WINDOWS\System32\gdi32full.dll
0x00007ffe00120000 - 0x00007ffe001ba000 	C:\WINDOWS\System32\msvcp_win.dll
0x00007ffe016a0000 - 0x00007ffe016d1000 	C:\WINDOWS\System32\IMM32.DLL
0x00007ffdf2800000 - 0x00007ffdf280c000 	c:\Users\kiit\.vscode\extensions\redhat.java-1.21.0-win32-x64\jre\17.0.7-win32-x86_64\bin\vcruntime140_1.dll
0x00007ffd6a440000 - 0x00007ffd6a4d1000 	c:\Users\kiit\.vscode\extensions\redhat.java-1.21.0-win32-x64\jre\17.0.7-win32-x86_64\bin\msvcp140.dll
0x00007ffd50c70000 - 0x00007ffd518b8000 	c:\Users\kiit\.vscode\extensions\redhat.java-1.21.0-win32-x64\jre\17.0.7-win32-x86_64\bin\server\jvm.dll
0x00007ffe00b40000 - 0x00007ffe00bf0000 	C:\WINDOWS\System32\ADVAPI32.dll
0x00007ffe02870000 - 0x00007ffe02916000 	C:\WINDOWS\System32\sechost.dll
0x00007ffe01d00000 - 0x00007ffe01e17000 	C:\WINDOWS\System32\RPCRT4.dll
0x00007ffdc9250000 - 0x00007ffdc9259000 	C:\WINDOWS\SYSTEM32\WSOCK32.dll
0x00007ffe00ed0000 - 0x00007ffe00f41000 	C:\WINDOWS\System32\WS2_32.dll
0x00007ffdf2780000 - 0x00007ffdf27b4000 	C:\WINDOWS\SYSTEM32\WINMM.dll
0x00007ffdfde30000 - 0x00007ffdfde3a000 	C:\WINDOWS\SYSTEM32\VERSION.dll
0x00007ffdfeb00000 - 0x00007ffdfeb18000 	C:\WINDOWS\SYSTEM32\kernel.appcore.dll
0x00007ffdea460000 - 0x00007ffdea46a000 	c:\Users\kiit\.vscode\extensions\redhat.java-1.21.0-win32-x64\jre\17.0.7-win32-x86_64\bin\jimage.dll
0x00007ffdff6a0000 - 0x00007ffdff8ce000 	C:\WINDOWS\SYSTEM32\DBGHELP.DLL
0x00007ffe011e0000 - 0x00007ffe0156a000 	C:\WINDOWS\System32\combase.dll
0x00007ffe00f60000 - 0x00007ffe01037000 	C:\WINDOWS\System32\OLEAUT32.dll
0x00007ffdff560000 - 0x00007ffdff592000 	C:\WINDOWS\SYSTEM32\dbgcore.DLL
0x00007ffe002e0000 - 0x00007ffe0035a000 	C:\WINDOWS\System32\bcryptPrimitives.dll
0x00007ffdb8d20000 - 0x00007ffdb8d2e000 	c:\Users\kiit\.vscode\extensions\redhat.java-1.21.0-win32-x64\jre\17.0.7-win32-x86_64\bin\instrument.dll
0x00007ffd73e10000 - 0x00007ffd73e35000 	c:\Users\kiit\.vscode\extensions\redhat.java-1.21.0-win32-x64\jre\17.0.7-win32-x86_64\bin\java.dll
0x00007ffd72ab0000 - 0x00007ffd72ac8000 	c:\Users\kiit\.vscode\extensions\redhat.java-1.21.0-win32-x64\jre\17.0.7-win32-x86_64\bin\zip.dll
0x00007ffe01f40000 - 0x00007ffe02756000 	C:\WINDOWS\System32\SHELL32.dll
0x00007ffdfce00000 - 0x00007ffdfd6ea000 	C:\WINDOWS\SYSTEM32\windows.storage.dll
0x00007ffdfccc0000 - 0x00007ffdfcdfe000 	C:\WINDOWS\SYSTEM32\wintypes.dll
0x00007ffe00c10000 - 0x00007ffe00d03000 	C:\WINDOWS\System32\SHCORE.dll
0x00007ffe01640000 - 0x00007ffe0169e000 	C:\WINDOWS\System32\shlwapi.dll
0x00007ffdffca0000 - 0x00007ffdffcc6000 	C:\WINDOWS\SYSTEM32\profapi.dll
0x00007ffd72a90000 - 0x00007ffd72aa9000 	C:\Users\kiit\.vscode\extensions\redhat.java-1.21.0-win32-x64\jre\17.0.7-win32-x86_64\bin\net.dll
0x00007ffdf4f70000 - 0x00007ffdf50a7000 	C:\WINDOWS\SYSTEM32\WINHTTP.dll
0x00007ffdfebe0000 - 0x00007ffdfec49000 	C:\WINDOWS\system32\mswsock.dll
0x00007ffd70410000 - 0x00007ffd70425000 	C:\Users\kiit\.vscode\extensions\redhat.java-1.21.0-win32-x64\jre\17.0.7-win32-x86_64\bin\nio.dll
0x00007ffdb0f90000 - 0x00007ffdb0fa0000 	c:\Users\kiit\.vscode\extensions\redhat.java-1.21.0-win32-x64\jre\17.0.7-win32-x86_64\bin\verify.dll
0x00007ffd6a400000 - 0x00007ffd6a43e000 	C:\Users\kiit\AppData\Roaming\Code\User\globalStorage\redhat.java\1.21.0\config_win\org.eclipse.equinox.launcher\org.eclipse.equinox.launcher.win32.win32.x86_64_1.2.700.v20221108-1024\eclipse_11801.dll
0x00007ffe01b60000 - 0x00007ffe01cfc000 	C:\WINDOWS\System32\ole32.dll
0x00007ffd75ff0000 - 0x00007ffd75ff9000 	C:\Users\kiit\.vscode\extensions\redhat.java-1.21.0-win32-x64\jre\17.0.7-win32-x86_64\bin\management.dll
0x00007ffd73ef0000 - 0x00007ffd73efb000 	C:\Users\kiit\.vscode\extensions\redhat.java-1.21.0-win32-x64\jre\17.0.7-win32-x86_64\bin\management_ext.dll
0x00007ffe011d0000 - 0x00007ffe011d8000 	C:\WINDOWS\System32\PSAPI.DLL
0x00007ffdffa10000 - 0x00007ffdffa2b000 	C:\WINDOWS\SYSTEM32\CRYPTSP.dll
0x00007ffdfdeb0000 - 0x00007ffdfdee5000 	C:\WINDOWS\system32\rsaenh.dll
0x00007ffdfedf0000 - 0x00007ffdfee1c000 	C:\WINDOWS\SYSTEM32\USERENV.dll
0x00007ffdff5a0000 - 0x00007ffdff5c8000 	C:\WINDOWS\SYSTEM32\bcrypt.dll
0x00007ffdfee20000 - 0x00007ffdfee2c000 	C:\WINDOWS\SYSTEM32\CRYPTBASE.dll
0x00007ffdfda10000 - 0x00007ffdfda3d000 	C:\WINDOWS\SYSTEM32\IPHLPAPI.DLL
0x00007ffe00b30000 - 0x00007ffe00b39000 	C:\WINDOWS\System32\NSI.dll
0x00007ffdf2ac0000 - 0x00007ffdf2ad9000 	C:\WINDOWS\SYSTEM32\dhcpcsvc6.DLL
0x00007ffdf2aa0000 - 0x00007ffdf2abf000 	C:\WINDOWS\SYSTEM32\dhcpcsvc.DLL
0x00007ffdfda40000 - 0x00007ffdfdb33000 	C:\WINDOWS\SYSTEM32\DNSAPI.dll
0x00007ffd57da0000 - 0x00007ffd57de5000 	C:\Users\kiit\AppData\Local\Temp\jna-3291913\jna9375816011522560968.dll
0x00007ffd73e00000 - 0x00007ffd73e0e000 	C:\Users\kiit\.vscode\extensions\redhat.java-1.21.0-win32-x64\jre\17.0.7-win32-x86_64\bin\sunmscapi.dll
0x00007ffe00360000 - 0x00007ffe004c7000 	C:\WINDOWS\System32\CRYPT32.dll
0x00007ffdff240000 - 0x00007ffdff26e000 	C:\WINDOWS\SYSTEM32\ncrypt.dll
0x00007ffdfef70000 - 0x00007ffdfefa7000 	C:\WINDOWS\SYSTEM32\NTASN1.dll
0x00007ffdf4230000 - 0x00007ffdf423a000 	C:\Windows\System32\rasadhlp.dll
0x00007ffdf0a40000 - 0x00007ffdf0ac4000 	C:\WINDOWS\System32\fwpuclnt.dll

dbghelp: loaded successfully - version: 4.0.5 - missing functions: none
symbol engine: initialized successfully - sym options: 0x614 - pdb path: .;c:\Users\kiit\.vscode\extensions\redhat.java-1.21.0-win32-x64\jre\17.0.7-win32-x86_64\bin;C:\WINDOWS\SYSTEM32;C:\WINDOWS\WinSxS\amd64_microsoft.windows.common-controls_6595b64144ccf1df_6.0.22621.2070_none_2713e6537381f706;c:\Users\kiit\.vscode\extensions\redhat.java-1.21.0-win32-x64\jre\17.0.7-win32-x86_64\bin\server;C:\Users\kiit\AppData\Roaming\Code\User\globalStorage\redhat.java\1.21.0\config_win\org.eclipse.equinox.launcher\org.eclipse.equinox.launcher.win32.win32.x86_64_1.2.700.v20221108-1024;C:\Users\kiit\AppData\Local\Temp\jna-3291913

VM Arguments:
jvm_args: --add-modules=ALL-SYSTEM --add-opens=java.base/java.util=ALL-UNNAMED --add-opens=java.base/java.lang=ALL-UNNAMED --add-opens=java.base/sun.nio.fs=ALL-UNNAMED -Declipse.application=org.eclipse.jdt.ls.core.id1 -Dosgi.bundles.defaultStartLevel=4 -Declipse.product=org.eclipse.jdt.ls.core.product -Djava.import.generatesMetadataFilesAtProjectRoot=false -Dfile.encoding=utf8 -XX:+UseParallelGC -XX:GCTimeRatio=4 -XX:AdaptiveSizePolicyWeight=90 -Dsun.zip.disableMemoryMapping=true -Xmx1G -Xms100m -Xlog:disable -javaagent:c:\Users\kiit\.vscode\extensions\redhat.java-1.21.0-win32-x64\lombok\lombok-1.18.28.jar -XX:+HeapDumpOnOutOfMemoryError -XX:HeapDumpPath=c:\Users\kiit\AppData\Roaming\Code\User\workspaceStorage\f0f853a0287c68d1c4c96e52358870d1\redhat.java -Daether.dependencyCollector.impl=bf 
java_command: c:\Users\kiit\.vscode\extensions\redhat.java-1.21.0-win32-x64\server\plugins\org.eclipse.equinox.launcher_1.6.500.v20230717-2134.jar -configuration c:\Users\kiit\AppData\Roaming\Code\User\globalStorage\redhat.java\1.21.0\config_win -data c:\Users\kiit\AppData\Roaming\Code\User\workspaceStorage\f0f853a0287c68d1c4c96e52358870d1\redhat.java\jdt_ws
java_class_path (initial): c:\Users\kiit\.vscode\extensions\redhat.java-1.21.0-win32-x64\server\plugins\org.eclipse.equinox.launcher_1.6.500.v20230717-2134.jar
Launcher Type: SUN_STANDARD

[Global flags]
    uintx AdaptiveSizePolicyWeight                 = 90                                        {product} {command line}
     intx CICompilerCount                          = 4                                         {product} {ergonomic}
    uintx GCTimeRatio                              = 4                                         {product} {command line}
     bool HeapDumpOnOutOfMemoryError               = true                                   {manageable} {command line}
    ccstr HeapDumpPath                             = c:\Users\kiit\AppData\Roaming\Code\User\workspaceStorage\f0f853a0287c68d1c4c96e52358870d1\redhat.java         {manageable} {command line}
   size_t InitialHeapSize                          = 104857600                                 {product} {command line}
   size_t MaxHeapSize                              = 1073741824                                {product} {command line}
   size_t MaxNewSize                               = 357564416                                 {product} {ergonomic}
   size_t MinHeapDeltaBytes                        = 524288                                    {product} {ergonomic}
   size_t MinHeapSize                              = 104857600                                 {product} {command line}
   size_t NewSize                                  = 34603008                                  {product} {ergonomic}
    uintx NonNMethodCodeHeapSize                   = 5839372                                {pd product} {ergonomic}
    uintx NonProfiledCodeHeapSize                  = 122909434                              {pd product} {ergonomic}
   size_t OldSize                                  = 70254592                                  {product} {ergonomic}
    uintx ProfiledCodeHeapSize                     = 122909434                              {pd product} {ergonomic}
    uintx ReservedCodeCacheSize                    = 251658240                              {pd product} {ergonomic}
     bool SegmentedCodeCache                       = true                                      {product} {ergonomic}
   size_t SoftMaxHeapSize                          = 1073741824                             {manageable} {ergonomic}
     bool UseCompressedClassPointers               = true                           {product lp64_product} {ergonomic}
     bool UseCompressedOops                        = true                           {product lp64_product} {ergonomic}
     bool UseLargePagesIndividualAllocation        = false                                  {pd product} {ergonomic}
     bool UseParallelGC                            = true                                      {product} {command line}

Logging:
Log output configuration:
 #0: stdout all=off uptime,level,tags
 #1: stderr all=off uptime,level,tags

Environment Variables:
PATH=C:\oraclexe\app\oracle\product\10.2.0\server\bin;C:\Program Files\Common Files\Oracle\Java\javapath;C:\Program Files (x86)\Common Files\Oracle\Java\javapath;C:\WINDOWS\system32;C:\WINDOWS;C:\WINDOWS\System32\Wbem;C:\WINDOWS\System32\WindowsPowerShell\v1.0\;C:\WINDOWS\System32\OpenSSH\;C:\Program Files\dotnet\;C:\Program Files\nodejs\;C:\Program Files\Java\jdk-20\bin;.;C:\Program Files\Git\cmd;C:\Users\kiit\AppData\Local\Microsoft\WindowsApps;C:\Users\kiit\AppData\Local\Programs\Microsoft VS Code\bin;C:\Users\kiit\AppData\Roaming\npm;
USERNAME=kiit
OS=Windows_NT
PROCESSOR_IDENTIFIER=Intel64 Family 6 Model 140 Stepping 1, GenuineIntel
TMP=C:\Users\kiit\AppData\Local\Temp
TEMP=C:\Users\kiit\AppData\Local\Temp



---------------  S Y S T E M  ---------------

OS:
 Windows 11 , 64 bit Build 22621 (10.0.22621.2070)
OS uptime: 2 days 18:11 hours
Hyper-V role detected

CPU: total 8 (initial active 8) (4 cores per cpu, 2 threads per core) family 6 model 140 stepping 1 microcode 0xa4, cx8, cmov, fxsr, ht, mmx, 3dnowpref, sse, sse2, sse3, ssse3, sse4.1, sse4.2, popcnt, lzcnt, tsc, tscinvbit, avx, avx2, aes, erms, clmul, bmi1, bmi2, adx, avx512f, avx512dq, avx512cd, avx512bw, avx512vl, sha, fma, vzeroupper, avx512_vpopcntdq, avx512_vpclmulqdq, avx512_vaes, avx512_vnni, clflush, clflushopt, clwb, avx512_vbmi2, avx512_vbmi, hv

Memory: 4k page, system-wide physical 15931M (4845M free)
TotalPageFile size 20947M (AvailPageFile size 3647M)
current process WorkingSet (physical memory assigned to process): 699M, peak: 1070M
current process commit charge ("private bytes"): 619M, peak: 1001M

vm_info: OpenJDK 64-Bit Server VM (17.0.7+7) for windows-amd64 JRE (17.0.7+7), built on Apr 18 2023 22:10:42 by "temurin" with MS VC++ 16.7 (VS2019)

END.
